[2024-01-20T04:54:28.493+0000] {manager.py:469} INFO - Processing files using up to 2 processes at a time 
[2024-01-20T04:54:28.495+0000] {manager.py:470} INFO - Process each file at most once every 30 seconds
[2024-01-20T04:54:28.495+0000] {manager.py:471} INFO - Checking for new files in /opt/airflow/dags every 15 seconds
[2024-01-20T04:54:28.501+0000] {manager.py:738} INFO - Searching for files in /opt/airflow/dags
[2024-01-20T04:54:28.502+0000] {manager.py:741} INFO - There are 0 files in /opt/airflow/dags
[2024-01-20T04:54:43.610+0000] {manager.py:738} INFO - Searching for files in /opt/airflow/dags
[2024-01-20T04:54:43.610+0000] {manager.py:741} INFO - There are 0 files in /opt/airflow/dags
[2024-01-20T04:54:58.674+0000] {manager.py:738} INFO - Searching for files in /opt/airflow/dags
[2024-01-20T04:54:58.674+0000] {manager.py:741} INFO - There are 0 files in /opt/airflow/dags
[2024-01-20T04:55:13.746+0000] {manager.py:738} INFO - Searching for files in /opt/airflow/dags
[2024-01-20T04:55:13.747+0000] {manager.py:741} INFO - There are 0 files in /opt/airflow/dags
[2024-01-20T04:55:28.805+0000] {manager.py:738} INFO - Searching for files in /opt/airflow/dags
[2024-01-20T04:55:28.806+0000] {manager.py:741} INFO - There are 0 files in /opt/airflow/dags
[2024-01-20T04:55:43.879+0000] {manager.py:738} INFO - Searching for files in /opt/airflow/dags
[2024-01-20T04:55:43.880+0000] {manager.py:741} INFO - There are 0 files in /opt/airflow/dags
[2024-01-20T04:55:58.934+0000] {manager.py:738} INFO - Searching for files in /opt/airflow/dags
[2024-01-20T04:55:58.935+0000] {manager.py:741} INFO - There are 0 files in /opt/airflow/dags
[2024-01-20T04:56:13.988+0000] {manager.py:738} INFO - Searching for files in /opt/airflow/dags
[2024-01-20T04:56:13.989+0000] {manager.py:741} INFO - There are 0 files in /opt/airflow/dags
[2024-01-20T04:56:29.049+0000] {manager.py:738} INFO - Searching for files in /opt/airflow/dags
[2024-01-20T04:56:29.050+0000] {manager.py:741} INFO - There are 0 files in /opt/airflow/dags
[2024-01-20T04:56:44.116+0000] {manager.py:738} INFO - Searching for files in /opt/airflow/dags
[2024-01-20T04:56:44.120+0000] {manager.py:741} INFO - There are 0 files in /opt/airflow/dags
[2024-01-20T04:56:59.195+0000] {manager.py:738} INFO - Searching for files in /opt/airflow/dags
[2024-01-20T04:56:59.195+0000] {manager.py:741} INFO - There are 0 files in /opt/airflow/dags
[2024-01-20T04:57:14.250+0000] {manager.py:738} INFO - Searching for files in /opt/airflow/dags
[2024-01-20T04:57:14.251+0000] {manager.py:741} INFO - There are 0 files in /opt/airflow/dags
[2024-01-20T04:57:29.307+0000] {manager.py:738} INFO - Searching for files in /opt/airflow/dags
[2024-01-20T04:57:29.307+0000] {manager.py:741} INFO - There are 0 files in /opt/airflow/dags
[2024-01-20T04:57:44.360+0000] {manager.py:738} INFO - Searching for files in /opt/airflow/dags
[2024-01-20T04:57:44.361+0000] {manager.py:741} INFO - There are 0 files in /opt/airflow/dags
[2024-01-20T04:57:59.426+0000] {manager.py:738} INFO - Searching for files in /opt/airflow/dags
[2024-01-20T04:57:59.426+0000] {manager.py:741} INFO - There are 0 files in /opt/airflow/dags
[2024-01-20T04:58:14.488+0000] {manager.py:738} INFO - Searching for files in /opt/airflow/dags
[2024-01-20T04:58:14.488+0000] {manager.py:741} INFO - There are 0 files in /opt/airflow/dags
[2024-01-20T04:58:29.543+0000] {manager.py:738} INFO - Searching for files in /opt/airflow/dags
[2024-01-20T04:58:29.543+0000] {manager.py:741} INFO - There are 0 files in /opt/airflow/dags
[2024-01-20T04:58:44.600+0000] {manager.py:738} INFO - Searching for files in /opt/airflow/dags
[2024-01-20T04:58:44.600+0000] {manager.py:741} INFO - There are 0 files in /opt/airflow/dags
[2024-01-20T04:58:59.723+0000] {manager.py:738} INFO - Searching for files in /opt/airflow/dags
[2024-01-20T04:58:59.723+0000] {manager.py:741} INFO - There are 0 files in /opt/airflow/dags
[2024-01-20T04:59:14.781+0000] {manager.py:738} INFO - Searching for files in /opt/airflow/dags
[2024-01-20T04:59:14.781+0000] {manager.py:741} INFO - There are 0 files in /opt/airflow/dags
[2024-01-20T04:59:29.841+0000] {manager.py:738} INFO - Searching for files in /opt/airflow/dags
[2024-01-20T04:59:29.842+0000] {manager.py:741} INFO - There are 0 files in /opt/airflow/dags
[2024-01-20T04:59:44.897+0000] {manager.py:738} INFO - Searching for files in /opt/airflow/dags
[2024-01-20T04:59:44.897+0000] {manager.py:741} INFO - There are 0 files in /opt/airflow/dags
[2024-01-20T04:59:59.953+0000] {manager.py:738} INFO - Searching for files in /opt/airflow/dags
[2024-01-20T04:59:59.954+0000] {manager.py:741} INFO - There are 0 files in /opt/airflow/dags
[2024-01-20T05:00:15.011+0000] {manager.py:738} INFO - Searching for files in /opt/airflow/dags
[2024-01-20T05:00:15.011+0000] {manager.py:741} INFO - There are 0 files in /opt/airflow/dags
[2024-01-20T05:00:30.068+0000] {manager.py:738} INFO - Searching for files in /opt/airflow/dags
[2024-01-20T05:00:30.069+0000] {manager.py:741} INFO - There are 0 files in /opt/airflow/dags
[2024-01-20T05:00:45.126+0000] {manager.py:738} INFO - Searching for files in /opt/airflow/dags
[2024-01-20T05:00:45.127+0000] {manager.py:741} INFO - There are 0 files in /opt/airflow/dags
[2024-01-20T05:01:00.188+0000] {manager.py:738} INFO - Searching for files in /opt/airflow/dags
[2024-01-20T05:01:00.188+0000] {manager.py:741} INFO - There are 0 files in /opt/airflow/dags
[2024-01-20T05:01:15.243+0000] {manager.py:738} INFO - Searching for files in /opt/airflow/dags
[2024-01-20T05:01:15.243+0000] {manager.py:741} INFO - There are 0 files in /opt/airflow/dags
[2024-01-20T05:01:30.298+0000] {manager.py:738} INFO - Searching for files in /opt/airflow/dags
[2024-01-20T05:01:30.299+0000] {manager.py:741} INFO - There are 0 files in /opt/airflow/dags
[2024-01-20T05:01:45.356+0000] {manager.py:738} INFO - Searching for files in /opt/airflow/dags
[2024-01-20T05:01:45.356+0000] {manager.py:741} INFO - There are 0 files in /opt/airflow/dags
[2024-01-20T05:02:00.429+0000] {manager.py:738} INFO - Searching for files in /opt/airflow/dags
[2024-01-20T05:02:00.429+0000] {manager.py:741} INFO - There are 0 files in /opt/airflow/dags
[2024-01-20T05:02:15.489+0000] {manager.py:738} INFO - Searching for files in /opt/airflow/dags
[2024-01-20T05:02:15.489+0000] {manager.py:741} INFO - There are 0 files in /opt/airflow/dags
[2024-01-20T05:02:30.546+0000] {manager.py:738} INFO - Searching for files in /opt/airflow/dags
[2024-01-20T05:02:30.546+0000] {manager.py:741} INFO - There are 0 files in /opt/airflow/dags
[2024-01-20T05:02:45.608+0000] {manager.py:738} INFO - Searching for files in /opt/airflow/dags
[2024-01-20T05:02:45.608+0000] {manager.py:741} INFO - There are 0 files in /opt/airflow/dags
[2024-01-20T05:03:00.677+0000] {manager.py:738} INFO - Searching for files in /opt/airflow/dags
[2024-01-20T05:03:00.678+0000] {manager.py:741} INFO - There are 0 files in /opt/airflow/dags
[2024-01-20T05:03:15.734+0000] {manager.py:738} INFO - Searching for files in /opt/airflow/dags
[2024-01-20T05:03:15.735+0000] {manager.py:741} INFO - There are 0 files in /opt/airflow/dags
[2024-01-20T05:03:30.792+0000] {manager.py:738} INFO - Searching for files in /opt/airflow/dags
[2024-01-20T05:03:30.793+0000] {manager.py:741} INFO - There are 1 files in /opt/airflow/dags
[2024-01-20T05:03:30.826+0000] {manager.py:879} INFO - 
================================================================================
DAG File Processing Stats

File Path                                PID  Runtime      # DAGs    # Errors  Last Runtime    Last Run
-------------------------------------  -----  ---------  --------  ----------  --------------  ----------
/opt/airflow/dags/dog_api_pipeline.py    536  0.01s             0           0
================================================================================
[2024-01-20T05:03:45.885+0000] {manager.py:738} INFO - Searching for files in /opt/airflow/dags
[2024-01-20T05:03:45.886+0000] {manager.py:741} INFO - There are 1 files in /opt/airflow/dags
[2024-01-20T05:04:00.940+0000] {manager.py:738} INFO - Searching for files in /opt/airflow/dags
[2024-01-20T05:04:00.942+0000] {manager.py:741} INFO - There are 1 files in /opt/airflow/dags
[2024-01-20T05:04:00.947+0000] {manager.py:879} INFO - 
================================================================================
DAG File Processing Stats

File Path                              PID    Runtime      # DAGs    # Errors  Last Runtime    Last Run
-------------------------------------  -----  ---------  --------  ----------  --------------  -------------------
/opt/airflow/dags/dog_api_pipeline.py                           1           0  0.33s           2024-01-20T05:03:31
================================================================================
[2024-01-20T05:04:16.298+0000] {manager.py:738} INFO - Searching for files in /opt/airflow/dags
[2024-01-20T05:04:16.300+0000] {manager.py:741} INFO - There are 1 files in /opt/airflow/dags
[2024-01-20T05:04:31.367+0000] {manager.py:738} INFO - Searching for files in /opt/airflow/dags
[2024-01-20T05:04:31.368+0000] {manager.py:741} INFO - There are 1 files in /opt/airflow/dags
[2024-01-20T05:04:31.395+0000] {manager.py:879} INFO - 
================================================================================
DAG File Processing Stats

File Path                                PID  Runtime      # DAGs    # Errors  Last Runtime    Last Run
-------------------------------------  -----  ---------  --------  ----------  --------------  -------------------
/opt/airflow/dags/dog_api_pipeline.py    588  0.02s             1           0  0.11s           2024-01-20T05:04:01
================================================================================
[2024-01-20T05:04:46.518+0000] {manager.py:738} INFO - Searching for files in /opt/airflow/dags
[2024-01-20T05:04:46.520+0000] {manager.py:741} INFO - There are 1 files in /opt/airflow/dags
[2024-01-20T05:05:01.613+0000] {manager.py:738} INFO - Searching for files in /opt/airflow/dags
[2024-01-20T05:05:01.614+0000] {manager.py:741} INFO - There are 1 files in /opt/airflow/dags
[2024-01-20T05:05:01.626+0000] {manager.py:879} INFO - 
================================================================================
DAG File Processing Stats

File Path                                PID  Runtime      # DAGs    # Errors  Last Runtime    Last Run
-------------------------------------  -----  ---------  --------  ----------  --------------  -------------------
/opt/airflow/dags/dog_api_pipeline.py    611  0.00s             1           0  0.13s           2024-01-20T05:04:31
================================================================================
[2024-01-20T05:05:16.685+0000] {manager.py:738} INFO - Searching for files in /opt/airflow/dags
[2024-01-20T05:05:16.686+0000] {manager.py:741} INFO - There are 1 files in /opt/airflow/dags
[2024-01-20T05:05:31.748+0000] {manager.py:738} INFO - Searching for files in /opt/airflow/dags
[2024-01-20T05:05:31.748+0000] {manager.py:741} INFO - There are 1 files in /opt/airflow/dags
[2024-01-20T05:05:31.760+0000] {manager.py:879} INFO - 
================================================================================
DAG File Processing Stats

File Path                                PID  Runtime      # DAGs    # Errors  Last Runtime    Last Run
-------------------------------------  -----  ---------  --------  ----------  --------------  -------------------
/opt/airflow/dags/dog_api_pipeline.py    633  0.00s             1           0  0.08s           2024-01-20T05:05:01
================================================================================
[2024-01-20T05:05:46.831+0000] {manager.py:738} INFO - Searching for files in /opt/airflow/dags
[2024-01-20T05:05:46.832+0000] {manager.py:741} INFO - There are 1 files in /opt/airflow/dags
[2024-01-20T05:06:01.891+0000] {manager.py:738} INFO - Searching for files in /opt/airflow/dags
[2024-01-20T05:06:01.892+0000] {manager.py:741} INFO - There are 1 files in /opt/airflow/dags
[2024-01-20T05:06:01.908+0000] {manager.py:879} INFO - 
================================================================================
DAG File Processing Stats

File Path                                PID  Runtime      # DAGs    # Errors  Last Runtime    Last Run
-------------------------------------  -----  ---------  --------  ----------  --------------  -------------------
/opt/airflow/dags/dog_api_pipeline.py    663  0.01s             1           0  0.08s           2024-01-20T05:05:31
================================================================================
[2024-01-20T05:06:16.967+0000] {manager.py:738} INFO - Searching for files in /opt/airflow/dags
[2024-01-20T05:06:16.968+0000] {manager.py:741} INFO - There are 1 files in /opt/airflow/dags
[2024-01-20T05:06:32.027+0000] {manager.py:738} INFO - Searching for files in /opt/airflow/dags
[2024-01-20T05:06:32.028+0000] {manager.py:741} INFO - There are 1 files in /opt/airflow/dags
[2024-01-20T05:06:32.034+0000] {manager.py:879} INFO - 
================================================================================
DAG File Processing Stats

File Path                              PID    Runtime      # DAGs    # Errors  Last Runtime    Last Run
-------------------------------------  -----  ---------  --------  ----------  --------------  -------------------
/opt/airflow/dags/dog_api_pipeline.py                           1           0  0.15s           2024-01-20T05:06:02
================================================================================
[2024-01-20T05:06:47.191+0000] {manager.py:738} INFO - Searching for files in /opt/airflow/dags
[2024-01-20T05:06:47.192+0000] {manager.py:741} INFO - There are 1 files in /opt/airflow/dags
[2024-01-20T05:07:02.249+0000] {manager.py:738} INFO - Searching for files in /opt/airflow/dags
[2024-01-20T05:07:02.250+0000] {manager.py:741} INFO - There are 1 files in /opt/airflow/dags
[2024-01-20T05:07:02.261+0000] {manager.py:879} INFO - 
================================================================================
DAG File Processing Stats

File Path                                PID  Runtime      # DAGs    # Errors  Last Runtime    Last Run
-------------------------------------  -----  ---------  --------  ----------  --------------  -------------------
/opt/airflow/dags/dog_api_pipeline.py    707  0.00s             1           0  0.08s           2024-01-20T05:06:32
================================================================================
[2024-01-20T05:07:17.364+0000] {manager.py:738} INFO - Searching for files in /opt/airflow/dags
[2024-01-20T05:07:17.366+0000] {manager.py:741} INFO - There are 1 files in /opt/airflow/dags
[2024-01-20T05:07:32.440+0000] {manager.py:738} INFO - Searching for files in /opt/airflow/dags
[2024-01-20T05:07:32.441+0000] {manager.py:741} INFO - There are 1 files in /opt/airflow/dags
[2024-01-20T05:07:32.454+0000] {manager.py:879} INFO - 
================================================================================
DAG File Processing Stats

File Path                                PID  Runtime      # DAGs    # Errors  Last Runtime    Last Run
-------------------------------------  -----  ---------  --------  ----------  --------------  -------------------
/opt/airflow/dags/dog_api_pipeline.py    738  0.00s             1           0  0.08s           2024-01-20T05:07:02
================================================================================
[2024-01-20T05:07:47.513+0000] {manager.py:738} INFO - Searching for files in /opt/airflow/dags
[2024-01-20T05:07:47.514+0000] {manager.py:741} INFO - There are 1 files in /opt/airflow/dags
[2024-01-20T05:08:02.575+0000] {manager.py:738} INFO - Searching for files in /opt/airflow/dags
[2024-01-20T05:08:02.576+0000] {manager.py:741} INFO - There are 1 files in /opt/airflow/dags
[2024-01-20T05:08:02.587+0000] {manager.py:879} INFO - 
================================================================================
DAG File Processing Stats

File Path                                PID  Runtime      # DAGs    # Errors  Last Runtime    Last Run
-------------------------------------  -----  ---------  --------  ----------  --------------  -------------------
/opt/airflow/dags/dog_api_pipeline.py    760  0.00s             1           0  0.08s           2024-01-20T05:07:32
================================================================================
[2024-01-20T05:08:17.662+0000] {manager.py:738} INFO - Searching for files in /opt/airflow/dags
[2024-01-20T05:08:17.663+0000] {manager.py:741} INFO - There are 1 files in /opt/airflow/dags
[2024-01-20T05:08:32.754+0000] {manager.py:738} INFO - Searching for files in /opt/airflow/dags
[2024-01-20T05:08:32.755+0000] {manager.py:741} INFO - There are 1 files in /opt/airflow/dags
[2024-01-20T05:08:32.767+0000] {manager.py:879} INFO - 
================================================================================
DAG File Processing Stats

File Path                                PID  Runtime      # DAGs    # Errors  Last Runtime    Last Run
-------------------------------------  -----  ---------  --------  ----------  --------------  -------------------
/opt/airflow/dags/dog_api_pipeline.py    784  0.00s             1           0  0.08s           2024-01-20T05:08:02
================================================================================
[2024-01-20T05:08:47.829+0000] {manager.py:738} INFO - Searching for files in /opt/airflow/dags
[2024-01-20T05:08:47.830+0000] {manager.py:741} INFO - There are 1 files in /opt/airflow/dags
[2024-01-20T05:09:02.902+0000] {manager.py:738} INFO - Searching for files in /opt/airflow/dags
[2024-01-20T05:09:02.902+0000] {manager.py:741} INFO - There are 1 files in /opt/airflow/dags
[2024-01-20T05:09:02.915+0000] {manager.py:879} INFO - 
================================================================================
DAG File Processing Stats

File Path                                PID  Runtime      # DAGs    # Errors  Last Runtime    Last Run
-------------------------------------  -----  ---------  --------  ----------  --------------  -------------------
/opt/airflow/dags/dog_api_pipeline.py    813  0.00s             1           0  0.08s           2024-01-20T05:08:32
================================================================================
[2024-01-20T05:09:17.981+0000] {manager.py:738} INFO - Searching for files in /opt/airflow/dags
[2024-01-20T05:09:17.982+0000] {manager.py:741} INFO - There are 1 files in /opt/airflow/dags
[2024-01-20T05:09:33.042+0000] {manager.py:738} INFO - Searching for files in /opt/airflow/dags
[2024-01-20T05:09:33.043+0000] {manager.py:741} INFO - There are 1 files in /opt/airflow/dags
[2024-01-20T05:09:33.055+0000] {manager.py:879} INFO - 
================================================================================
DAG File Processing Stats

File Path                                PID  Runtime      # DAGs    # Errors  Last Runtime    Last Run
-------------------------------------  -----  ---------  --------  ----------  --------------  -------------------
/opt/airflow/dags/dog_api_pipeline.py    834  0.00s             1           0  0.11s           2024-01-20T05:09:03
================================================================================
[2024-01-20T05:09:48.154+0000] {manager.py:738} INFO - Searching for files in /opt/airflow/dags
[2024-01-20T05:09:48.156+0000] {manager.py:741} INFO - There are 1 files in /opt/airflow/dags
[2024-01-20T05:10:03.212+0000] {manager.py:738} INFO - Searching for files in /opt/airflow/dags
[2024-01-20T05:10:03.213+0000] {manager.py:741} INFO - There are 1 files in /opt/airflow/dags
[2024-01-20T05:10:03.230+0000] {manager.py:879} INFO - 
================================================================================
DAG File Processing Stats

File Path                                PID  Runtime      # DAGs    # Errors  Last Runtime    Last Run
-------------------------------------  -----  ---------  --------  ----------  --------------  -------------------
/opt/airflow/dags/dog_api_pipeline.py    866  0.01s             1           0  0.08s           2024-01-20T05:09:33
================================================================================
[2024-01-20T05:10:18.293+0000] {manager.py:738} INFO - Searching for files in /opt/airflow/dags
[2024-01-20T05:10:18.294+0000] {manager.py:741} INFO - There are 1 files in /opt/airflow/dags
[2024-01-20T05:10:33.368+0000] {manager.py:738} INFO - Searching for files in /opt/airflow/dags
[2024-01-20T05:10:33.369+0000] {manager.py:741} INFO - There are 1 files in /opt/airflow/dags
[2024-01-20T05:10:33.380+0000] {manager.py:879} INFO - 
================================================================================
DAG File Processing Stats

File Path                                PID  Runtime      # DAGs    # Errors  Last Runtime    Last Run
-------------------------------------  -----  ---------  --------  ----------  --------------  -------------------
/opt/airflow/dags/dog_api_pipeline.py    889  0.00s             1           0  0.12s           2024-01-20T05:10:03
================================================================================
[2024-01-20T05:10:48.479+0000] {manager.py:738} INFO - Searching for files in /opt/airflow/dags
[2024-01-20T05:10:48.480+0000] {manager.py:741} INFO - There are 1 files in /opt/airflow/dags
[2024-01-20T05:11:03.536+0000] {manager.py:738} INFO - Searching for files in /opt/airflow/dags
[2024-01-20T05:11:03.537+0000] {manager.py:741} INFO - There are 1 files in /opt/airflow/dags
[2024-01-20T05:11:03.548+0000] {manager.py:879} INFO - 
================================================================================
DAG File Processing Stats

File Path                                PID  Runtime      # DAGs    # Errors  Last Runtime    Last Run
-------------------------------------  -----  ---------  --------  ----------  --------------  -------------------
/opt/airflow/dags/dog_api_pipeline.py    911  0.00s             1           0  0.08s           2024-01-20T05:10:33
================================================================================
[2024-01-20T05:11:18.619+0000] {manager.py:738} INFO - Searching for files in /opt/airflow/dags
[2024-01-20T05:11:18.620+0000] {manager.py:741} INFO - There are 1 files in /opt/airflow/dags
[2024-01-20T05:11:33.697+0000] {manager.py:738} INFO - Searching for files in /opt/airflow/dags
[2024-01-20T05:11:33.698+0000] {manager.py:741} INFO - There are 1 files in /opt/airflow/dags
[2024-01-20T05:11:33.729+0000] {manager.py:879} INFO - 
================================================================================
DAG File Processing Stats

File Path                                PID  Runtime      # DAGs    # Errors  Last Runtime    Last Run
-------------------------------------  -----  ---------  --------  ----------  --------------  -------------------
/opt/airflow/dags/dog_api_pipeline.py    942  0.01s             1           0  0.08s           2024-01-20T05:11:03
================================================================================
[2024-01-20T05:11:48.796+0000] {manager.py:738} INFO - Searching for files in /opt/airflow/dags
[2024-01-20T05:11:48.797+0000] {manager.py:741} INFO - There are 1 files in /opt/airflow/dags
[2024-01-20T05:12:03.855+0000] {manager.py:738} INFO - Searching for files in /opt/airflow/dags
[2024-01-20T05:12:03.856+0000] {manager.py:741} INFO - There are 1 files in /opt/airflow/dags
[2024-01-20T05:12:03.861+0000] {manager.py:879} INFO - 
================================================================================
DAG File Processing Stats

File Path                              PID    Runtime      # DAGs    # Errors  Last Runtime    Last Run
-------------------------------------  -----  ---------  --------  ----------  --------------  -------------------
/opt/airflow/dags/dog_api_pipeline.py                           1           0  0.19s           2024-01-20T05:11:33
================================================================================
[2024-01-20T05:12:19.052+0000] {manager.py:738} INFO - Searching for files in /opt/airflow/dags
[2024-01-20T05:12:19.053+0000] {manager.py:741} INFO - There are 1 files in /opt/airflow/dags
[2024-01-20T05:12:34.116+0000] {manager.py:738} INFO - Searching for files in /opt/airflow/dags
[2024-01-20T05:12:34.117+0000] {manager.py:741} INFO - There are 1 files in /opt/airflow/dags
[2024-01-20T05:12:34.129+0000] {manager.py:879} INFO - 
================================================================================
DAG File Processing Stats

File Path                                PID  Runtime      # DAGs    # Errors  Last Runtime    Last Run
-------------------------------------  -----  ---------  --------  ----------  --------------  -------------------
/opt/airflow/dags/dog_api_pipeline.py    986  0.00s             1           0  0.08s           2024-01-20T05:12:04
================================================================================
[2024-01-20T05:12:49.220+0000] {manager.py:738} INFO - Searching for files in /opt/airflow/dags
[2024-01-20T05:12:49.221+0000] {manager.py:741} INFO - There are 1 files in /opt/airflow/dags
[2024-01-20T05:13:04.290+0000] {manager.py:738} INFO - Searching for files in /opt/airflow/dags
[2024-01-20T05:13:04.291+0000] {manager.py:741} INFO - There are 1 files in /opt/airflow/dags
[2024-01-20T05:13:04.303+0000] {manager.py:879} INFO - 
================================================================================
DAG File Processing Stats

File Path                                PID  Runtime      # DAGs    # Errors  Last Runtime    Last Run
-------------------------------------  -----  ---------  --------  ----------  --------------  -------------------
/opt/airflow/dags/dog_api_pipeline.py   1018  0.00s             1           0  0.08s           2024-01-20T05:12:34
================================================================================
[2024-01-20T05:13:19.363+0000] {manager.py:738} INFO - Searching for files in /opt/airflow/dags
[2024-01-20T05:13:19.364+0000] {manager.py:741} INFO - There are 1 files in /opt/airflow/dags
[2024-01-20T05:13:34.422+0000] {manager.py:738} INFO - Searching for files in /opt/airflow/dags
[2024-01-20T05:13:34.423+0000] {manager.py:741} INFO - There are 1 files in /opt/airflow/dags
[2024-01-20T05:13:34.436+0000] {manager.py:879} INFO - 
================================================================================
DAG File Processing Stats

File Path                                PID  Runtime      # DAGs    # Errors  Last Runtime    Last Run
-------------------------------------  -----  ---------  --------  ----------  --------------  -------------------
/opt/airflow/dags/dog_api_pipeline.py   1039  0.01s             1           0  0.08s           2024-01-20T05:13:04
================================================================================
[2024-01-20T05:13:49.506+0000] {manager.py:738} INFO - Searching for files in /opt/airflow/dags
[2024-01-20T05:13:49.507+0000] {manager.py:741} INFO - There are 1 files in /opt/airflow/dags
[2024-01-20T05:14:04.566+0000] {manager.py:738} INFO - Searching for files in /opt/airflow/dags
[2024-01-20T05:14:04.567+0000] {manager.py:741} INFO - There are 1 files in /opt/airflow/dags
[2024-01-20T05:14:04.584+0000] {manager.py:879} INFO - 
================================================================================
DAG File Processing Stats

File Path                                PID  Runtime      # DAGs    # Errors  Last Runtime    Last Run
-------------------------------------  -----  ---------  --------  ----------  --------------  -------------------
/opt/airflow/dags/dog_api_pipeline.py   1070  0.01s             1           0  0.08s           2024-01-20T05:13:34
================================================================================
[2024-01-20T05:14:19.653+0000] {manager.py:738} INFO - Searching for files in /opt/airflow/dags
[2024-01-20T05:14:19.654+0000] {manager.py:741} INFO - There are 1 files in /opt/airflow/dags
[2024-01-20T05:14:34.709+0000] {manager.py:738} INFO - Searching for files in /opt/airflow/dags
[2024-01-20T05:14:34.710+0000] {manager.py:741} INFO - There are 1 files in /opt/airflow/dags
[2024-01-20T05:14:34.722+0000] {manager.py:879} INFO - 
================================================================================
DAG File Processing Stats

File Path                                PID  Runtime      # DAGs    # Errors  Last Runtime    Last Run
-------------------------------------  -----  ---------  --------  ----------  --------------  -------------------
/opt/airflow/dags/dog_api_pipeline.py   1092  0.00s             1           0  0.12s           2024-01-20T05:14:04
================================================================================
[2024-01-20T05:14:49.822+0000] {manager.py:738} INFO - Searching for files in /opt/airflow/dags
[2024-01-20T05:14:49.824+0000] {manager.py:741} INFO - There are 1 files in /opt/airflow/dags
[2024-01-20T05:15:04.884+0000] {manager.py:738} INFO - Searching for files in /opt/airflow/dags
[2024-01-20T05:15:04.884+0000] {manager.py:741} INFO - There are 1 files in /opt/airflow/dags
[2024-01-20T05:15:04.896+0000] {manager.py:879} INFO - 
================================================================================
DAG File Processing Stats

File Path                                PID  Runtime      # DAGs    # Errors  Last Runtime    Last Run
-------------------------------------  -----  ---------  --------  ----------  --------------  -------------------
/opt/airflow/dags/dog_api_pipeline.py   1113  0.00s             1           0  0.08s           2024-01-20T05:14:34
================================================================================
[2024-01-20T05:15:19.974+0000] {manager.py:738} INFO - Searching for files in /opt/airflow/dags
[2024-01-20T05:15:19.975+0000] {manager.py:741} INFO - There are 1 files in /opt/airflow/dags
[2024-01-20T05:15:35.046+0000] {manager.py:738} INFO - Searching for files in /opt/airflow/dags
[2024-01-20T05:15:35.048+0000] {manager.py:741} INFO - There are 1 files in /opt/airflow/dags
[2024-01-20T05:15:35.064+0000] {manager.py:879} INFO - 
================================================================================
DAG File Processing Stats

File Path                                PID  Runtime      # DAGs    # Errors  Last Runtime    Last Run
-------------------------------------  -----  ---------  --------  ----------  --------------  -------------------
/opt/airflow/dags/dog_api_pipeline.py   1143  0.01s             1           0  0.08s           2024-01-20T05:15:04
================================================================================
[2024-01-20T05:15:50.124+0000] {manager.py:738} INFO - Searching for files in /opt/airflow/dags
[2024-01-20T05:15:50.125+0000] {manager.py:741} INFO - There are 1 files in /opt/airflow/dags
[2024-01-20T05:16:05.184+0000] {manager.py:738} INFO - Searching for files in /opt/airflow/dags
[2024-01-20T05:16:05.185+0000] {manager.py:741} INFO - There are 1 files in /opt/airflow/dags
[2024-01-20T05:16:05.191+0000] {manager.py:879} INFO - 
================================================================================
DAG File Processing Stats

File Path                              PID    Runtime      # DAGs    # Errors  Last Runtime    Last Run
-------------------------------------  -----  ---------  --------  ----------  --------------  -------------------
/opt/airflow/dags/dog_api_pipeline.py                           1           0  0.16s           2024-01-20T05:15:35
================================================================================
[2024-01-20T05:16:20.376+0000] {manager.py:738} INFO - Searching for files in /opt/airflow/dags
[2024-01-20T05:16:20.378+0000] {manager.py:741} INFO - There are 1 files in /opt/airflow/dags
[2024-01-20T05:16:35.443+0000] {manager.py:738} INFO - Searching for files in /opt/airflow/dags
[2024-01-20T05:16:35.444+0000] {manager.py:741} INFO - There are 1 files in /opt/airflow/dags
[2024-01-20T05:16:35.460+0000] {manager.py:879} INFO - 
================================================================================
DAG File Processing Stats

File Path                                PID  Runtime      # DAGs    # Errors  Last Runtime    Last Run
-------------------------------------  -----  ---------  --------  ----------  --------------  -------------------
/opt/airflow/dags/dog_api_pipeline.py   1195  0.01s             1           0  0.08s           2024-01-20T05:16:05
================================================================================
[2024-01-20T05:16:50.548+0000] {manager.py:738} INFO - Searching for files in /opt/airflow/dags
[2024-01-20T05:16:50.549+0000] {manager.py:741} INFO - There are 1 files in /opt/airflow/dags
[2024-01-20T05:17:05.610+0000] {manager.py:738} INFO - Searching for files in /opt/airflow/dags
[2024-01-20T05:17:05.610+0000] {manager.py:741} INFO - There are 1 files in /opt/airflow/dags
[2024-01-20T05:17:05.616+0000] {manager.py:879} INFO - 
================================================================================
DAG File Processing Stats

File Path                              PID    Runtime      # DAGs    # Errors  Last Runtime    Last Run
-------------------------------------  -----  ---------  --------  ----------  --------------  -------------------
/opt/airflow/dags/dog_api_pipeline.py                           1           0  0.17s           2024-01-20T05:16:35
================================================================================
[2024-01-20T05:17:20.779+0000] {manager.py:738} INFO - Searching for files in /opt/airflow/dags
[2024-01-20T05:17:20.780+0000] {manager.py:741} INFO - There are 1 files in /opt/airflow/dags
[2024-01-20T05:17:35.860+0000] {manager.py:738} INFO - Searching for files in /opt/airflow/dags
[2024-01-20T05:17:35.861+0000] {manager.py:741} INFO - There are 1 files in /opt/airflow/dags
[2024-01-20T05:17:35.872+0000] {manager.py:879} INFO - 
================================================================================
DAG File Processing Stats

File Path                                PID  Runtime      # DAGs    # Errors  Last Runtime    Last Run
-------------------------------------  -----  ---------  --------  ----------  --------------  -------------------
/opt/airflow/dags/dog_api_pipeline.py   1239  0.00s             1           0  0.08s           2024-01-20T05:17:05
================================================================================
[2024-01-20T05:17:50.936+0000] {manager.py:738} INFO - Searching for files in /opt/airflow/dags
[2024-01-20T05:17:50.938+0000] {manager.py:741} INFO - There are 1 files in /opt/airflow/dags
[2024-01-20T05:18:06.014+0000] {manager.py:738} INFO - Searching for files in /opt/airflow/dags
[2024-01-20T05:18:06.015+0000] {manager.py:741} INFO - There are 1 files in /opt/airflow/dags
[2024-01-20T05:18:06.032+0000] {manager.py:879} INFO - 
================================================================================
DAG File Processing Stats

File Path                                PID  Runtime      # DAGs    # Errors  Last Runtime    Last Run
-------------------------------------  -----  ---------  --------  ----------  --------------  -------------------
/opt/airflow/dags/dog_api_pipeline.py   1268  0.01s             1           0  0.08s           2024-01-20T05:17:35
================================================================================
[2024-01-20T05:18:21.094+0000] {manager.py:738} INFO - Searching for files in /opt/airflow/dags
[2024-01-20T05:18:21.096+0000] {manager.py:741} INFO - There are 1 files in /opt/airflow/dags
[2024-01-20T05:18:36.153+0000] {manager.py:738} INFO - Searching for files in /opt/airflow/dags
[2024-01-20T05:18:36.154+0000] {manager.py:741} INFO - There are 1 files in /opt/airflow/dags
[2024-01-20T05:18:36.166+0000] {manager.py:879} INFO - 
================================================================================
DAG File Processing Stats

File Path                                PID  Runtime      # DAGs    # Errors  Last Runtime    Last Run
-------------------------------------  -----  ---------  --------  ----------  --------------  -------------------
/opt/airflow/dags/dog_api_pipeline.py   1291  0.00s             1           0  0.13s           2024-01-20T05:18:06
================================================================================
[2024-01-20T05:18:51.289+0000] {manager.py:738} INFO - Searching for files in /opt/airflow/dags
[2024-01-20T05:18:51.290+0000] {manager.py:741} INFO - There are 1 files in /opt/airflow/dags
[2024-01-20T05:19:06.349+0000] {manager.py:738} INFO - Searching for files in /opt/airflow/dags
[2024-01-20T05:19:06.350+0000] {manager.py:741} INFO - There are 1 files in /opt/airflow/dags
[2024-01-20T05:19:06.363+0000] {manager.py:879} INFO - 
================================================================================
DAG File Processing Stats

File Path                                PID  Runtime      # DAGs    # Errors  Last Runtime    Last Run
-------------------------------------  -----  ---------  --------  ----------  --------------  -------------------
/opt/airflow/dags/dog_api_pipeline.py   1314  0.01s             1           0  0.08s           2024-01-20T05:18:36
================================================================================
[2024-01-20T05:19:21.422+0000] {manager.py:738} INFO - Searching for files in /opt/airflow/dags
[2024-01-20T05:19:21.423+0000] {manager.py:741} INFO - There are 1 files in /opt/airflow/dags
[2024-01-20T05:19:36.490+0000] {manager.py:738} INFO - Searching for files in /opt/airflow/dags
[2024-01-20T05:19:36.491+0000] {manager.py:741} INFO - There are 1 files in /opt/airflow/dags
[2024-01-20T05:19:36.505+0000] {manager.py:879} INFO - 
================================================================================
DAG File Processing Stats

File Path                                PID  Runtime      # DAGs    # Errors  Last Runtime    Last Run
-------------------------------------  -----  ---------  --------  ----------  --------------  -------------------
/opt/airflow/dags/dog_api_pipeline.py   1343  0.01s             1           0  0.08s           2024-01-20T05:19:06
================================================================================
[2024-01-20T05:19:51.580+0000] {manager.py:738} INFO - Searching for files in /opt/airflow/dags
[2024-01-20T05:19:51.581+0000] {manager.py:741} INFO - There are 1 files in /opt/airflow/dags
[2024-01-20T05:20:06.647+0000] {manager.py:738} INFO - Searching for files in /opt/airflow/dags
[2024-01-20T05:20:06.651+0000] {manager.py:741} INFO - There are 1 files in /opt/airflow/dags
[2024-01-20T05:20:06.664+0000] {manager.py:879} INFO - 
================================================================================
DAG File Processing Stats

File Path                                PID  Runtime      # DAGs    # Errors  Last Runtime    Last Run
-------------------------------------  -----  ---------  --------  ----------  --------------  -------------------
/opt/airflow/dags/dog_api_pipeline.py   1366  0.00s             1           0  0.08s           2024-01-20T05:19:36
================================================================================
[2024-01-20T05:20:21.723+0000] {manager.py:738} INFO - Searching for files in /opt/airflow/dags
[2024-01-20T05:20:21.724+0000] {manager.py:741} INFO - There are 1 files in /opt/airflow/dags
[2024-01-20T05:20:36.791+0000] {manager.py:738} INFO - Searching for files in /opt/airflow/dags
[2024-01-20T05:20:36.792+0000] {manager.py:741} INFO - There are 1 files in /opt/airflow/dags
[2024-01-20T05:20:36.812+0000] {manager.py:879} INFO - 
================================================================================
DAG File Processing Stats

File Path                                PID  Runtime      # DAGs    # Errors  Last Runtime    Last Run
-------------------------------------  -----  ---------  --------  ----------  --------------  -------------------
/opt/airflow/dags/dog_api_pipeline.py   1397  0.01s             1           0  0.09s           2024-01-20T05:20:06
================================================================================
[2024-01-20T05:20:51.887+0000] {manager.py:738} INFO - Searching for files in /opt/airflow/dags
[2024-01-20T05:20:51.889+0000] {manager.py:741} INFO - There are 1 files in /opt/airflow/dags
[2024-01-20T05:20:54.871+0000] {manager.py:451} INFO - Exiting gracefully upon receiving signal 15
[2024-01-27T02:16:07.352+0000] {manager.py:469} INFO - Processing files using up to 2 processes at a time 
[2024-01-27T02:16:07.361+0000] {manager.py:470} INFO - Process each file at most once every 30 seconds
[2024-01-27T02:16:07.361+0000] {manager.py:471} INFO - Checking for new files in /opt/airflow/dags every 15 seconds
[2024-01-27T02:16:07.362+0000] {manager.py:738} INFO - Searching for files in /opt/airflow/dags
[2024-01-27T02:16:07.372+0000] {manager.py:741} INFO - There are 1 files in /opt/airflow/dags
[2024-01-27T02:16:07.676+0000] {manager.py:879} INFO - 
================================================================================
DAG File Processing Stats

File Path                                PID  Runtime      # DAGs    # Errors  Last Runtime    Last Run
-------------------------------------  -----  ---------  --------  ----------  --------------  ----------
/opt/airflow/dags/dog_api_pipeline.py    168  0.16s             0           0
================================================================================
[2024-01-27T02:16:22.748+0000] {manager.py:738} INFO - Searching for files in /opt/airflow/dags
[2024-01-27T02:16:22.749+0000] {manager.py:741} INFO - There are 1 files in /opt/airflow/dags
[2024-01-27T02:16:37.813+0000] {manager.py:738} INFO - Searching for files in /opt/airflow/dags
[2024-01-27T02:16:37.814+0000] {manager.py:741} INFO - There are 1 files in /opt/airflow/dags
[2024-01-27T02:16:37.819+0000] {manager.py:879} INFO - 
================================================================================
DAG File Processing Stats

File Path                              PID    Runtime      # DAGs    # Errors  Last Runtime    Last Run
-------------------------------------  -----  ---------  --------  ----------  --------------  -------------------
/opt/airflow/dags/dog_api_pipeline.py                           1           0  0.55s           2024-01-27T02:16:08
================================================================================
[2024-01-27T02:16:53.223+0000] {manager.py:738} INFO - Searching for files in /opt/airflow/dags
[2024-01-27T02:16:53.224+0000] {manager.py:741} INFO - There are 1 files in /opt/airflow/dags
[2024-01-27T02:17:08.285+0000] {manager.py:738} INFO - Searching for files in /opt/airflow/dags
[2024-01-27T02:17:08.286+0000] {manager.py:741} INFO - There are 1 files in /opt/airflow/dags
[2024-01-27T02:17:08.298+0000] {manager.py:879} INFO - 
================================================================================
DAG File Processing Stats

File Path                                PID  Runtime      # DAGs    # Errors  Last Runtime    Last Run
-------------------------------------  -----  ---------  --------  ----------  --------------  -------------------
/opt/airflow/dags/dog_api_pipeline.py    213  0.00s             1           0  0.08s           2024-01-27T02:16:38
================================================================================
[2024-01-27T02:17:23.362+0000] {manager.py:738} INFO - Searching for files in /opt/airflow/dags
[2024-01-27T02:17:23.364+0000] {manager.py:741} INFO - There are 1 files in /opt/airflow/dags
[2024-01-27T02:17:38.435+0000] {manager.py:738} INFO - Searching for files in /opt/airflow/dags
[2024-01-27T02:17:38.436+0000] {manager.py:741} INFO - There are 1 files in /opt/airflow/dags
[2024-01-27T02:17:38.448+0000] {manager.py:879} INFO - 
================================================================================
DAG File Processing Stats

File Path                                PID  Runtime      # DAGs    # Errors  Last Runtime    Last Run
-------------------------------------  -----  ---------  --------  ----------  --------------  -------------------
/opt/airflow/dags/dog_api_pipeline.py    242  0.00s             1           0  0.08s           2024-01-27T02:17:08
================================================================================
[2024-01-27T02:17:53.507+0000] {manager.py:738} INFO - Searching for files in /opt/airflow/dags
[2024-01-27T02:17:53.508+0000] {manager.py:741} INFO - There are 1 files in /opt/airflow/dags
[2024-01-27T02:18:08.575+0000] {manager.py:738} INFO - Searching for files in /opt/airflow/dags
[2024-01-27T02:18:08.576+0000] {manager.py:741} INFO - There are 1 files in /opt/airflow/dags
[2024-01-27T02:18:08.588+0000] {manager.py:879} INFO - 
================================================================================
DAG File Processing Stats

File Path                                PID  Runtime      # DAGs    # Errors  Last Runtime    Last Run
-------------------------------------  -----  ---------  --------  ----------  --------------  -------------------
/opt/airflow/dags/dog_api_pipeline.py    265  0.00s             1           0  0.07s           2024-01-27T02:17:38
================================================================================
[2024-01-27T02:18:23.648+0000] {manager.py:738} INFO - Searching for files in /opt/airflow/dags
[2024-01-27T02:18:23.649+0000] {manager.py:741} INFO - There are 1 files in /opt/airflow/dags
[2024-01-27T02:18:38.719+0000] {manager.py:738} INFO - Searching for files in /opt/airflow/dags
[2024-01-27T02:18:38.724+0000] {manager.py:741} INFO - There are 1 files in /opt/airflow/dags
[2024-01-27T02:18:38.752+0000] {manager.py:879} INFO - 
================================================================================
DAG File Processing Stats

File Path                                PID  Runtime      # DAGs    # Errors  Last Runtime    Last Run
-------------------------------------  -----  ---------  --------  ----------  --------------  -------------------
/opt/airflow/dags/dog_api_pipeline.py    294  0.01s             1           0  0.08s           2024-01-27T02:18:08
================================================================================
[2024-01-27T02:18:53.817+0000] {manager.py:738} INFO - Searching for files in /opt/airflow/dags
[2024-01-27T02:18:53.818+0000] {manager.py:741} INFO - There are 1 files in /opt/airflow/dags
[2024-01-27T02:19:08.876+0000] {manager.py:738} INFO - Searching for files in /opt/airflow/dags
[2024-01-27T02:19:08.877+0000] {manager.py:741} INFO - There are 1 files in /opt/airflow/dags
[2024-01-27T02:19:08.890+0000] {manager.py:879} INFO - 
================================================================================
DAG File Processing Stats

File Path                                PID  Runtime      # DAGs    # Errors  Last Runtime    Last Run
-------------------------------------  -----  ---------  --------  ----------  --------------  -------------------
/opt/airflow/dags/dog_api_pipeline.py    317  0.01s             1           0  0.11s           2024-01-27T02:18:38
================================================================================
[2024-01-27T02:19:23.992+0000] {manager.py:738} INFO - Searching for files in /opt/airflow/dags
[2024-01-27T02:19:23.993+0000] {manager.py:741} INFO - There are 1 files in /opt/airflow/dags
[2024-01-27T02:19:39.048+0000] {manager.py:738} INFO - Searching for files in /opt/airflow/dags
[2024-01-27T02:19:39.049+0000] {manager.py:741} INFO - There are 1 files in /opt/airflow/dags
[2024-01-27T02:19:39.060+0000] {manager.py:879} INFO - 
================================================================================
DAG File Processing Stats

File Path                                PID  Runtime      # DAGs    # Errors  Last Runtime    Last Run
-------------------------------------  -----  ---------  --------  ----------  --------------  -------------------
/opt/airflow/dags/dog_api_pipeline.py    340  0.00s             1           0  0.08s           2024-01-27T02:19:08
================================================================================
[2024-01-27T02:19:54.118+0000] {manager.py:738} INFO - Searching for files in /opt/airflow/dags
[2024-01-27T02:19:54.120+0000] {manager.py:741} INFO - There are 1 files in /opt/airflow/dags
[2024-01-27T02:20:09.185+0000] {manager.py:738} INFO - Searching for files in /opt/airflow/dags
[2024-01-27T02:20:09.186+0000] {manager.py:741} INFO - There are 1 files in /opt/airflow/dags
[2024-01-27T02:20:09.202+0000] {manager.py:879} INFO - 
================================================================================
DAG File Processing Stats

File Path                                PID  Runtime      # DAGs    # Errors  Last Runtime    Last Run
-------------------------------------  -----  ---------  --------  ----------  --------------  -------------------
/opt/airflow/dags/dog_api_pipeline.py    369  0.01s             1           0  0.07s           2024-01-27T02:19:39
================================================================================
[2024-01-27T02:20:24.266+0000] {manager.py:738} INFO - Searching for files in /opt/airflow/dags
[2024-01-27T02:20:24.268+0000] {manager.py:741} INFO - There are 1 files in /opt/airflow/dags
[2024-01-27T02:20:39.327+0000] {manager.py:738} INFO - Searching for files in /opt/airflow/dags
[2024-01-27T02:20:39.328+0000] {manager.py:741} INFO - There are 1 files in /opt/airflow/dags
[2024-01-27T02:20:39.340+0000] {manager.py:879} INFO - 
================================================================================
DAG File Processing Stats

File Path                                PID  Runtime      # DAGs    # Errors  Last Runtime    Last Run
-------------------------------------  -----  ---------  --------  ----------  --------------  -------------------
/opt/airflow/dags/dog_api_pipeline.py    391  0.00s             1           0  0.13s           2024-01-27T02:20:09
================================================================================
[2024-01-27T02:20:54.462+0000] {manager.py:738} INFO - Searching for files in /opt/airflow/dags
[2024-01-27T02:20:54.463+0000] {manager.py:741} INFO - There are 1 files in /opt/airflow/dags
[2024-01-27T02:21:09.523+0000] {manager.py:738} INFO - Searching for files in /opt/airflow/dags
[2024-01-27T02:21:09.525+0000] {manager.py:741} INFO - There are 1 files in /opt/airflow/dags
[2024-01-27T02:21:09.566+0000] {manager.py:879} INFO - 
================================================================================
DAG File Processing Stats

File Path                                PID  Runtime      # DAGs    # Errors  Last Runtime    Last Run
-------------------------------------  -----  ---------  --------  ----------  --------------  -------------------
/opt/airflow/dags/dog_api_pipeline.py    422  0.02s             1           0  0.09s           2024-01-27T02:20:39
================================================================================
[2024-01-27T02:21:24.675+0000] {manager.py:738} INFO - Searching for files in /opt/airflow/dags
[2024-01-27T02:21:24.676+0000] {manager.py:741} INFO - There are 1 files in /opt/airflow/dags
[2024-01-27T02:21:39.732+0000] {manager.py:738} INFO - Searching for files in /opt/airflow/dags
[2024-01-27T02:21:39.733+0000] {manager.py:741} INFO - There are 1 files in /opt/airflow/dags
[2024-01-27T02:21:39.745+0000] {manager.py:879} INFO - 
================================================================================
DAG File Processing Stats

File Path                                PID  Runtime      # DAGs    # Errors  Last Runtime    Last Run
-------------------------------------  -----  ---------  --------  ----------  --------------  -------------------
/opt/airflow/dags/dog_api_pipeline.py    444  0.00s             1           0  0.18s           2024-01-27T02:21:09
================================================================================
[2024-01-27T02:21:54.861+0000] {manager.py:738} INFO - Searching for files in /opt/airflow/dags
[2024-01-27T02:21:54.863+0000] {manager.py:741} INFO - There are 1 files in /opt/airflow/dags
[2024-01-27T02:22:09.921+0000] {manager.py:738} INFO - Searching for files in /opt/airflow/dags
[2024-01-27T02:22:09.922+0000] {manager.py:741} INFO - There are 1 files in /opt/airflow/dags
[2024-01-27T02:22:09.934+0000] {manager.py:879} INFO - 
================================================================================
DAG File Processing Stats

File Path                                PID  Runtime      # DAGs    # Errors  Last Runtime    Last Run
-------------------------------------  -----  ---------  --------  ----------  --------------  -------------------
/opt/airflow/dags/dog_api_pipeline.py    466  0.00s             1           0  0.08s           2024-01-27T02:21:39
================================================================================
[2024-01-27T02:22:24.999+0000] {manager.py:738} INFO - Searching for files in /opt/airflow/dags
[2024-01-27T02:22:25.001+0000] {manager.py:741} INFO - There are 1 files in /opt/airflow/dags
[2024-01-27T02:22:40.058+0000] {manager.py:738} INFO - Searching for files in /opt/airflow/dags
[2024-01-27T02:22:40.061+0000] {manager.py:741} INFO - There are 1 files in /opt/airflow/dags
[2024-01-27T02:22:40.074+0000] {manager.py:879} INFO - 
================================================================================
DAG File Processing Stats

File Path                                PID  Runtime      # DAGs    # Errors  Last Runtime    Last Run
-------------------------------------  -----  ---------  --------  ----------  --------------  -------------------
/opt/airflow/dags/dog_api_pipeline.py    497  0.00s             1           0  0.08s           2024-01-27T02:22:10
================================================================================
[2024-01-27T02:22:55.134+0000] {manager.py:738} INFO - Searching for files in /opt/airflow/dags
[2024-01-27T02:22:55.135+0000] {manager.py:741} INFO - There are 1 files in /opt/airflow/dags
[2024-01-27T02:23:10.194+0000] {manager.py:738} INFO - Searching for files in /opt/airflow/dags
[2024-01-27T02:23:10.195+0000] {manager.py:741} INFO - There are 1 files in /opt/airflow/dags
[2024-01-27T02:23:10.207+0000] {manager.py:879} INFO - 
================================================================================
DAG File Processing Stats

File Path                                PID  Runtime      # DAGs    # Errors  Last Runtime    Last Run
-------------------------------------  -----  ---------  --------  ----------  --------------  -------------------
/opt/airflow/dags/dog_api_pipeline.py    519  0.00s             1           0  0.08s           2024-01-27T02:22:40
================================================================================
[2024-01-27T02:23:25.282+0000] {manager.py:738} INFO - Searching for files in /opt/airflow/dags
[2024-01-27T02:23:25.283+0000] {manager.py:741} INFO - There are 1 files in /opt/airflow/dags
[2024-01-27T02:23:40.343+0000] {manager.py:738} INFO - Searching for files in /opt/airflow/dags
[2024-01-27T02:23:40.345+0000] {manager.py:741} INFO - There are 1 files in /opt/airflow/dags
[2024-01-27T02:23:40.361+0000] {manager.py:879} INFO - 
================================================================================
DAG File Processing Stats

File Path                                PID  Runtime      # DAGs    # Errors  Last Runtime    Last Run
-------------------------------------  -----  ---------  --------  ----------  --------------  -------------------
/opt/airflow/dags/dog_api_pipeline.py    549  0.01s             1           0  0.08s           2024-01-27T02:23:10
================================================================================
[2024-01-27T02:23:55.428+0000] {manager.py:738} INFO - Searching for files in /opt/airflow/dags
[2024-01-27T02:23:55.429+0000] {manager.py:741} INFO - There are 1 files in /opt/airflow/dags
[2024-01-27T02:24:10.490+0000] {manager.py:738} INFO - Searching for files in /opt/airflow/dags
[2024-01-27T02:24:10.491+0000] {manager.py:741} INFO - There are 1 files in /opt/airflow/dags
[2024-01-27T02:24:10.502+0000] {manager.py:879} INFO - 
================================================================================
DAG File Processing Stats

File Path                                PID  Runtime      # DAGs    # Errors  Last Runtime    Last Run
-------------------------------------  -----  ---------  --------  ----------  --------------  -------------------
/opt/airflow/dags/dog_api_pipeline.py    573  0.00s             1           0  0.11s           2024-01-27T02:23:40
================================================================================
[2024-01-27T02:24:25.595+0000] {manager.py:738} INFO - Searching for files in /opt/airflow/dags
[2024-01-27T02:24:25.596+0000] {manager.py:741} INFO - There are 1 files in /opt/airflow/dags
[2024-01-27T02:24:40.651+0000] {manager.py:738} INFO - Searching for files in /opt/airflow/dags
[2024-01-27T02:24:40.653+0000] {manager.py:741} INFO - There are 1 files in /opt/airflow/dags
[2024-01-27T02:24:40.664+0000] {manager.py:879} INFO - 
================================================================================
DAG File Processing Stats

File Path                                PID  Runtime      # DAGs    # Errors  Last Runtime    Last Run
-------------------------------------  -----  ---------  --------  ----------  --------------  -------------------
/opt/airflow/dags/dog_api_pipeline.py    594  0.00s             1           0  0.08s           2024-01-27T02:24:10
================================================================================
[2024-01-27T02:24:55.721+0000] {manager.py:738} INFO - Searching for files in /opt/airflow/dags
[2024-01-27T02:24:55.723+0000] {manager.py:741} INFO - There are 1 files in /opt/airflow/dags
[2024-01-27T02:25:10.783+0000] {manager.py:738} INFO - Searching for files in /opt/airflow/dags
[2024-01-27T02:25:10.784+0000] {manager.py:741} INFO - There are 1 files in /opt/airflow/dags
[2024-01-27T02:25:10.796+0000] {manager.py:879} INFO - 
================================================================================
DAG File Processing Stats

File Path                                PID  Runtime      # DAGs    # Errors  Last Runtime    Last Run
-------------------------------------  -----  ---------  --------  ----------  --------------  -------------------
/opt/airflow/dags/dog_api_pipeline.py    625  0.00s             1           0  0.11s           2024-01-27T02:24:40
================================================================================
[2024-01-27T02:25:25.908+0000] {manager.py:738} INFO - Searching for files in /opt/airflow/dags
[2024-01-27T02:25:25.910+0000] {manager.py:741} INFO - There are 1 files in /opt/airflow/dags
[2024-01-27T02:25:40.970+0000] {manager.py:738} INFO - Searching for files in /opt/airflow/dags
[2024-01-27T02:25:40.971+0000] {manager.py:741} INFO - There are 1 files in /opt/airflow/dags
[2024-01-27T02:25:40.983+0000] {manager.py:879} INFO - 
================================================================================
DAG File Processing Stats

File Path                                PID  Runtime      # DAGs    # Errors  Last Runtime    Last Run
-------------------------------------  -----  ---------  --------  ----------  --------------  -------------------
/opt/airflow/dags/dog_api_pipeline.py    646  0.00s             1           0  0.08s           2024-01-27T02:25:10
================================================================================
[2024-01-27T02:25:56.042+0000] {manager.py:738} INFO - Searching for files in /opt/airflow/dags
[2024-01-27T02:25:56.043+0000] {manager.py:741} INFO - There are 1 files in /opt/airflow/dags
[2024-01-27T02:26:11.114+0000] {manager.py:738} INFO - Searching for files in /opt/airflow/dags
[2024-01-27T02:26:11.118+0000] {manager.py:741} INFO - There are 1 files in /opt/airflow/dags
[2024-01-27T02:26:11.149+0000] {manager.py:879} INFO - 
================================================================================
DAG File Processing Stats

File Path                                PID  Runtime      # DAGs    # Errors  Last Runtime    Last Run
-------------------------------------  -----  ---------  --------  ----------  --------------  -------------------
/opt/airflow/dags/dog_api_pipeline.py    675  0.01s             1           0  0.07s           2024-01-27T02:25:41
================================================================================
[2024-01-27T02:26:26.209+0000] {manager.py:738} INFO - Searching for files in /opt/airflow/dags
[2024-01-27T02:26:26.210+0000] {manager.py:741} INFO - There are 1 files in /opt/airflow/dags
[2024-01-27T02:26:41.297+0000] {manager.py:738} INFO - Searching for files in /opt/airflow/dags
[2024-01-27T02:26:41.298+0000] {manager.py:741} INFO - There are 1 files in /opt/airflow/dags
[2024-01-27T02:26:41.310+0000] {manager.py:879} INFO - 
================================================================================
DAG File Processing Stats

File Path                                PID  Runtime      # DAGs    # Errors  Last Runtime    Last Run
-------------------------------------  -----  ---------  --------  ----------  --------------  -------------------
/opt/airflow/dags/dog_api_pipeline.py    697  0.00s             1           0  0.13s           2024-01-27T02:26:11
================================================================================
[2024-01-27T02:26:56.417+0000] {manager.py:738} INFO - Searching for files in /opt/airflow/dags
[2024-01-27T02:26:56.418+0000] {manager.py:741} INFO - There are 1 files in /opt/airflow/dags
[2024-01-27T02:27:11.473+0000] {manager.py:738} INFO - Searching for files in /opt/airflow/dags
[2024-01-27T02:27:11.474+0000] {manager.py:741} INFO - There are 1 files in /opt/airflow/dags
[2024-01-27T02:27:11.485+0000] {manager.py:879} INFO - 
================================================================================
DAG File Processing Stats

File Path                                PID  Runtime      # DAGs    # Errors  Last Runtime    Last Run
-------------------------------------  -----  ---------  --------  ----------  --------------  -------------------
/opt/airflow/dags/dog_api_pipeline.py    719  0.00s             1           0  0.08s           2024-01-27T02:26:41
================================================================================
[2024-01-27T02:27:26.543+0000] {manager.py:738} INFO - Searching for files in /opt/airflow/dags
[2024-01-27T02:27:26.544+0000] {manager.py:741} INFO - There are 1 files in /opt/airflow/dags
[2024-01-27T02:27:41.609+0000] {manager.py:738} INFO - Searching for files in /opt/airflow/dags
[2024-01-27T02:27:41.610+0000] {manager.py:741} INFO - There are 1 files in /opt/airflow/dags
[2024-01-27T02:27:41.621+0000] {manager.py:879} INFO - 
================================================================================
DAG File Processing Stats

File Path                                PID  Runtime      # DAGs    # Errors  Last Runtime    Last Run
-------------------------------------  -----  ---------  --------  ----------  --------------  -------------------
/opt/airflow/dags/dog_api_pipeline.py    749  0.00s             1           0  0.07s           2024-01-27T02:27:11
================================================================================
[2024-01-27T02:27:56.678+0000] {manager.py:738} INFO - Searching for files in /opt/airflow/dags
[2024-01-27T02:27:56.679+0000] {manager.py:741} INFO - There are 1 files in /opt/airflow/dags
[2024-01-27T02:28:11.737+0000] {manager.py:738} INFO - Searching for files in /opt/airflow/dags
[2024-01-27T02:28:11.739+0000] {manager.py:741} INFO - There are 1 files in /opt/airflow/dags
[2024-01-27T02:28:11.751+0000] {manager.py:879} INFO - 
================================================================================
DAG File Processing Stats

File Path                                PID  Runtime      # DAGs    # Errors  Last Runtime    Last Run
-------------------------------------  -----  ---------  --------  ----------  --------------  -------------------
/opt/airflow/dags/dog_api_pipeline.py    771  0.00s             1           0  0.08s           2024-01-27T02:27:41
================================================================================
[2024-01-27T02:28:26.820+0000] {manager.py:738} INFO - Searching for files in /opt/airflow/dags
[2024-01-27T02:28:26.821+0000] {manager.py:741} INFO - There are 1 files in /opt/airflow/dags
[2024-01-27T02:28:41.886+0000] {manager.py:738} INFO - Searching for files in /opt/airflow/dags
[2024-01-27T02:28:41.887+0000] {manager.py:741} INFO - There are 1 files in /opt/airflow/dags
[2024-01-27T02:28:41.912+0000] {manager.py:879} INFO - 
================================================================================
DAG File Processing Stats

File Path                                PID  Runtime      # DAGs    # Errors  Last Runtime    Last Run
-------------------------------------  -----  ---------  --------  ----------  --------------  -------------------
/opt/airflow/dags/dog_api_pipeline.py    800  0.01s             1           0  0.08s           2024-01-27T02:28:11
================================================================================
[2024-01-27T02:28:56.974+0000] {manager.py:738} INFO - Searching for files in /opt/airflow/dags
[2024-01-27T02:28:56.975+0000] {manager.py:741} INFO - There are 1 files in /opt/airflow/dags
[2024-01-27T02:29:12.046+0000] {manager.py:738} INFO - Searching for files in /opt/airflow/dags
[2024-01-27T02:29:12.047+0000] {manager.py:741} INFO - There are 1 files in /opt/airflow/dags
[2024-01-27T02:29:12.058+0000] {manager.py:879} INFO - 
================================================================================
DAG File Processing Stats

File Path                                PID  Runtime      # DAGs    # Errors  Last Runtime    Last Run
-------------------------------------  -----  ---------  --------  ----------  --------------  -------------------
/opt/airflow/dags/dog_api_pipeline.py    822  0.00s             1           0  0.14s           2024-01-27T02:28:42
================================================================================
[2024-01-27T02:29:27.181+0000] {manager.py:738} INFO - Searching for files in /opt/airflow/dags
[2024-01-27T02:29:27.182+0000] {manager.py:741} INFO - There are 1 files in /opt/airflow/dags
[2024-01-27T02:29:42.237+0000] {manager.py:738} INFO - Searching for files in /opt/airflow/dags
[2024-01-27T02:29:42.238+0000] {manager.py:741} INFO - There are 1 files in /opt/airflow/dags
[2024-01-27T02:29:42.250+0000] {manager.py:879} INFO - 
================================================================================
DAG File Processing Stats

File Path                                PID  Runtime      # DAGs    # Errors  Last Runtime    Last Run
-------------------------------------  -----  ---------  --------  ----------  --------------  -------------------
/opt/airflow/dags/dog_api_pipeline.py    844  0.00s             1           0  0.08s           2024-01-27T02:29:12
================================================================================
