[2024-01-27T02:16:07.527+0000] {processor.py:161} INFO - Started process (PID=168) to work on /opt/airflow/dags/dog_api_pipeline.py
[2024-01-27T02:16:07.536+0000] {processor.py:830} INFO - Processing file /opt/airflow/dags/dog_api_pipeline.py for tasks to queue
[2024-01-27T02:16:07.543+0000] {logging_mixin.py:188} INFO - [2024-01-27T02:16:07.537+0000] {dagbag.py:538} INFO - Filling up the DagBag from /opt/airflow/dags/dog_api_pipeline.py
[2024-01-27T02:16:07.614+0000] {processor.py:840} INFO - DAG(s) 'dog_api_pipeline' retrieved from /opt/airflow/dags/dog_api_pipeline.py
[2024-01-27T02:16:07.745+0000] {logging_mixin.py:188} INFO - [2024-01-27T02:16:07.744+0000] {dag.py:3033} INFO - Sync 1 DAGs
[2024-01-27T02:16:07.815+0000] {logging_mixin.py:188} INFO - [2024-01-27T02:16:07.814+0000] {dag.py:3820} INFO - Setting next_dagrun for dog_api_pipeline to None, run_after=None
[2024-01-27T02:16:07.985+0000] {processor.py:183} INFO - Processing /opt/airflow/dags/dog_api_pipeline.py took 0.461 seconds
[2024-01-27T02:16:38.170+0000] {processor.py:161} INFO - Started process (PID=192) to work on /opt/airflow/dags/dog_api_pipeline.py
[2024-01-27T02:16:38.171+0000] {processor.py:830} INFO - Processing file /opt/airflow/dags/dog_api_pipeline.py for tasks to queue
[2024-01-27T02:16:38.172+0000] {logging_mixin.py:188} INFO - [2024-01-27T02:16:38.172+0000] {dagbag.py:538} INFO - Filling up the DagBag from /opt/airflow/dags/dog_api_pipeline.py
[2024-01-27T02:16:38.178+0000] {processor.py:840} INFO - DAG(s) 'dog_api_pipeline' retrieved from /opt/airflow/dags/dog_api_pipeline.py
[2024-01-27T02:16:38.199+0000] {logging_mixin.py:188} INFO - [2024-01-27T02:16:38.199+0000] {dag.py:3033} INFO - Sync 1 DAGs
[2024-01-27T02:16:38.209+0000] {logging_mixin.py:188} INFO - [2024-01-27T02:16:38.208+0000] {dag.py:3820} INFO - Setting next_dagrun for dog_api_pipeline to None, run_after=None
[2024-01-27T02:16:38.227+0000] {processor.py:183} INFO - Processing /opt/airflow/dags/dog_api_pipeline.py took 0.059 seconds
[2024-01-27T02:17:08.302+0000] {processor.py:161} INFO - Started process (PID=213) to work on /opt/airflow/dags/dog_api_pipeline.py
[2024-01-27T02:17:08.303+0000] {processor.py:830} INFO - Processing file /opt/airflow/dags/dog_api_pipeline.py for tasks to queue
[2024-01-27T02:17:08.303+0000] {logging_mixin.py:188} INFO - [2024-01-27T02:17:08.303+0000] {dagbag.py:538} INFO - Filling up the DagBag from /opt/airflow/dags/dog_api_pipeline.py
[2024-01-27T02:17:08.311+0000] {processor.py:840} INFO - DAG(s) 'dog_api_pipeline' retrieved from /opt/airflow/dags/dog_api_pipeline.py
[2024-01-27T02:17:08.332+0000] {logging_mixin.py:188} INFO - [2024-01-27T02:17:08.332+0000] {dag.py:3033} INFO - Sync 1 DAGs
[2024-01-27T02:17:08.342+0000] {logging_mixin.py:188} INFO - [2024-01-27T02:17:08.342+0000] {dag.py:3820} INFO - Setting next_dagrun for dog_api_pipeline to None, run_after=None
[2024-01-27T02:17:08.359+0000] {processor.py:183} INFO - Processing /opt/airflow/dags/dog_api_pipeline.py took 0.060 seconds
[2024-01-27T02:17:38.453+0000] {processor.py:161} INFO - Started process (PID=242) to work on /opt/airflow/dags/dog_api_pipeline.py
[2024-01-27T02:17:38.454+0000] {processor.py:830} INFO - Processing file /opt/airflow/dags/dog_api_pipeline.py for tasks to queue
[2024-01-27T02:17:38.454+0000] {logging_mixin.py:188} INFO - [2024-01-27T02:17:38.454+0000] {dagbag.py:538} INFO - Filling up the DagBag from /opt/airflow/dags/dog_api_pipeline.py
[2024-01-27T02:17:38.461+0000] {processor.py:840} INFO - DAG(s) 'dog_api_pipeline' retrieved from /opt/airflow/dags/dog_api_pipeline.py
[2024-01-27T02:17:38.480+0000] {logging_mixin.py:188} INFO - [2024-01-27T02:17:38.480+0000] {dag.py:3033} INFO - Sync 1 DAGs
[2024-01-27T02:17:38.489+0000] {logging_mixin.py:188} INFO - [2024-01-27T02:17:38.489+0000] {dag.py:3820} INFO - Setting next_dagrun for dog_api_pipeline to None, run_after=None
[2024-01-27T02:17:38.507+0000] {processor.py:183} INFO - Processing /opt/airflow/dags/dog_api_pipeline.py took 0.057 seconds
[2024-01-27T02:18:08.594+0000] {processor.py:161} INFO - Started process (PID=265) to work on /opt/airflow/dags/dog_api_pipeline.py
[2024-01-27T02:18:08.594+0000] {processor.py:830} INFO - Processing file /opt/airflow/dags/dog_api_pipeline.py for tasks to queue
[2024-01-27T02:18:08.595+0000] {logging_mixin.py:188} INFO - [2024-01-27T02:18:08.595+0000] {dagbag.py:538} INFO - Filling up the DagBag from /opt/airflow/dags/dog_api_pipeline.py
[2024-01-27T02:18:08.601+0000] {processor.py:840} INFO - DAG(s) 'dog_api_pipeline' retrieved from /opt/airflow/dags/dog_api_pipeline.py
[2024-01-27T02:18:08.621+0000] {logging_mixin.py:188} INFO - [2024-01-27T02:18:08.621+0000] {dag.py:3033} INFO - Sync 1 DAGs
[2024-01-27T02:18:08.631+0000] {logging_mixin.py:188} INFO - [2024-01-27T02:18:08.631+0000] {dag.py:3820} INFO - Setting next_dagrun for dog_api_pipeline to None, run_after=None
[2024-01-27T02:18:08.650+0000] {processor.py:183} INFO - Processing /opt/airflow/dags/dog_api_pipeline.py took 0.059 seconds
[2024-01-27T02:18:38.766+0000] {processor.py:161} INFO - Started process (PID=294) to work on /opt/airflow/dags/dog_api_pipeline.py
[2024-01-27T02:18:38.767+0000] {processor.py:830} INFO - Processing file /opt/airflow/dags/dog_api_pipeline.py for tasks to queue
[2024-01-27T02:18:38.768+0000] {logging_mixin.py:188} INFO - [2024-01-27T02:18:38.768+0000] {dagbag.py:538} INFO - Filling up the DagBag from /opt/airflow/dags/dog_api_pipeline.py
[2024-01-27T02:18:38.777+0000] {processor.py:840} INFO - DAG(s) 'dog_api_pipeline' retrieved from /opt/airflow/dags/dog_api_pipeline.py
[2024-01-27T02:18:38.805+0000] {logging_mixin.py:188} INFO - [2024-01-27T02:18:38.805+0000] {dag.py:3033} INFO - Sync 1 DAGs
[2024-01-27T02:18:38.820+0000] {logging_mixin.py:188} INFO - [2024-01-27T02:18:38.820+0000] {dag.py:3820} INFO - Setting next_dagrun for dog_api_pipeline to None, run_after=None
[2024-01-27T02:18:38.844+0000] {processor.py:183} INFO - Processing /opt/airflow/dags/dog_api_pipeline.py took 0.081 seconds
[2024-01-27T02:19:08.896+0000] {processor.py:161} INFO - Started process (PID=317) to work on /opt/airflow/dags/dog_api_pipeline.py
[2024-01-27T02:19:08.896+0000] {processor.py:830} INFO - Processing file /opt/airflow/dags/dog_api_pipeline.py for tasks to queue
[2024-01-27T02:19:08.897+0000] {logging_mixin.py:188} INFO - [2024-01-27T02:19:08.897+0000] {dagbag.py:538} INFO - Filling up the DagBag from /opt/airflow/dags/dog_api_pipeline.py
[2024-01-27T02:19:08.904+0000] {processor.py:840} INFO - DAG(s) 'dog_api_pipeline' retrieved from /opt/airflow/dags/dog_api_pipeline.py
[2024-01-27T02:19:08.926+0000] {logging_mixin.py:188} INFO - [2024-01-27T02:19:08.926+0000] {dag.py:3033} INFO - Sync 1 DAGs
[2024-01-27T02:19:08.936+0000] {logging_mixin.py:188} INFO - [2024-01-27T02:19:08.936+0000] {dag.py:3820} INFO - Setting next_dagrun for dog_api_pipeline to None, run_after=None
[2024-01-27T02:19:08.956+0000] {processor.py:183} INFO - Processing /opt/airflow/dags/dog_api_pipeline.py took 0.063 seconds
[2024-01-27T02:19:39.066+0000] {processor.py:161} INFO - Started process (PID=340) to work on /opt/airflow/dags/dog_api_pipeline.py
[2024-01-27T02:19:39.067+0000] {processor.py:830} INFO - Processing file /opt/airflow/dags/dog_api_pipeline.py for tasks to queue
[2024-01-27T02:19:39.067+0000] {logging_mixin.py:188} INFO - [2024-01-27T02:19:39.067+0000] {dagbag.py:538} INFO - Filling up the DagBag from /opt/airflow/dags/dog_api_pipeline.py
[2024-01-27T02:19:39.073+0000] {processor.py:840} INFO - DAG(s) 'dog_api_pipeline' retrieved from /opt/airflow/dags/dog_api_pipeline.py
[2024-01-27T02:19:39.093+0000] {logging_mixin.py:188} INFO - [2024-01-27T02:19:39.093+0000] {dag.py:3033} INFO - Sync 1 DAGs
[2024-01-27T02:19:39.102+0000] {logging_mixin.py:188} INFO - [2024-01-27T02:19:39.102+0000] {dag.py:3820} INFO - Setting next_dagrun for dog_api_pipeline to None, run_after=None
[2024-01-27T02:19:39.121+0000] {processor.py:183} INFO - Processing /opt/airflow/dags/dog_api_pipeline.py took 0.057 seconds
[2024-01-27T02:20:09.212+0000] {processor.py:161} INFO - Started process (PID=369) to work on /opt/airflow/dags/dog_api_pipeline.py
[2024-01-27T02:20:09.212+0000] {processor.py:830} INFO - Processing file /opt/airflow/dags/dog_api_pipeline.py for tasks to queue
[2024-01-27T02:20:09.213+0000] {logging_mixin.py:188} INFO - [2024-01-27T02:20:09.213+0000] {dagbag.py:538} INFO - Filling up the DagBag from /opt/airflow/dags/dog_api_pipeline.py
[2024-01-27T02:20:09.220+0000] {processor.py:840} INFO - DAG(s) 'dog_api_pipeline' retrieved from /opt/airflow/dags/dog_api_pipeline.py
[2024-01-27T02:20:09.252+0000] {logging_mixin.py:188} INFO - [2024-01-27T02:20:09.252+0000] {dag.py:3033} INFO - Sync 1 DAGs
[2024-01-27T02:20:09.267+0000] {logging_mixin.py:188} INFO - [2024-01-27T02:20:09.266+0000] {dag.py:3820} INFO - Setting next_dagrun for dog_api_pipeline to None, run_after=None
[2024-01-27T02:20:09.305+0000] {processor.py:183} INFO - Processing /opt/airflow/dags/dog_api_pipeline.py took 0.096 seconds
[2024-01-27T02:20:39.345+0000] {processor.py:161} INFO - Started process (PID=391) to work on /opt/airflow/dags/dog_api_pipeline.py
[2024-01-27T02:20:39.346+0000] {processor.py:830} INFO - Processing file /opt/airflow/dags/dog_api_pipeline.py for tasks to queue
[2024-01-27T02:20:39.346+0000] {logging_mixin.py:188} INFO - [2024-01-27T02:20:39.346+0000] {dagbag.py:538} INFO - Filling up the DagBag from /opt/airflow/dags/dog_api_pipeline.py
[2024-01-27T02:20:39.353+0000] {processor.py:840} INFO - DAG(s) 'dog_api_pipeline' retrieved from /opt/airflow/dags/dog_api_pipeline.py
[2024-01-27T02:20:39.375+0000] {logging_mixin.py:188} INFO - [2024-01-27T02:20:39.375+0000] {dag.py:3033} INFO - Sync 1 DAGs
[2024-01-27T02:20:39.389+0000] {logging_mixin.py:188} INFO - [2024-01-27T02:20:39.389+0000] {dag.py:3820} INFO - Setting next_dagrun for dog_api_pipeline to None, run_after=None
[2024-01-27T02:20:39.409+0000] {processor.py:183} INFO - Processing /opt/airflow/dags/dog_api_pipeline.py took 0.066 seconds
[2024-01-27T02:21:09.578+0000] {processor.py:161} INFO - Started process (PID=422) to work on /opt/airflow/dags/dog_api_pipeline.py
[2024-01-27T02:21:09.579+0000] {processor.py:830} INFO - Processing file /opt/airflow/dags/dog_api_pipeline.py for tasks to queue
[2024-01-27T02:21:09.580+0000] {logging_mixin.py:188} INFO - [2024-01-27T02:21:09.580+0000] {dagbag.py:538} INFO - Filling up the DagBag from /opt/airflow/dags/dog_api_pipeline.py
[2024-01-27T02:21:09.606+0000] {processor.py:840} INFO - DAG(s) 'dog_api_pipeline' retrieved from /opt/airflow/dags/dog_api_pipeline.py
[2024-01-27T02:21:09.668+0000] {logging_mixin.py:188} INFO - [2024-01-27T02:21:09.667+0000] {dag.py:3033} INFO - Sync 1 DAGs
[2024-01-27T02:21:09.685+0000] {logging_mixin.py:188} INFO - [2024-01-27T02:21:09.685+0000] {dag.py:3820} INFO - Setting next_dagrun for dog_api_pipeline to None, run_after=None
[2024-01-27T02:21:09.708+0000] {processor.py:183} INFO - Processing /opt/airflow/dags/dog_api_pipeline.py took 0.133 seconds
[2024-01-27T02:21:39.751+0000] {processor.py:161} INFO - Started process (PID=444) to work on /opt/airflow/dags/dog_api_pipeline.py
[2024-01-27T02:21:39.752+0000] {processor.py:830} INFO - Processing file /opt/airflow/dags/dog_api_pipeline.py for tasks to queue
[2024-01-27T02:21:39.752+0000] {logging_mixin.py:188} INFO - [2024-01-27T02:21:39.752+0000] {dagbag.py:538} INFO - Filling up the DagBag from /opt/airflow/dags/dog_api_pipeline.py
[2024-01-27T02:21:39.759+0000] {processor.py:840} INFO - DAG(s) 'dog_api_pipeline' retrieved from /opt/airflow/dags/dog_api_pipeline.py
[2024-01-27T02:21:39.779+0000] {logging_mixin.py:188} INFO - [2024-01-27T02:21:39.779+0000] {dag.py:3033} INFO - Sync 1 DAGs
[2024-01-27T02:21:39.788+0000] {logging_mixin.py:188} INFO - [2024-01-27T02:21:39.788+0000] {dag.py:3820} INFO - Setting next_dagrun for dog_api_pipeline to None, run_after=None
[2024-01-27T02:21:39.808+0000] {processor.py:183} INFO - Processing /opt/airflow/dags/dog_api_pipeline.py took 0.059 seconds
[2024-01-27T02:22:09.940+0000] {processor.py:161} INFO - Started process (PID=466) to work on /opt/airflow/dags/dog_api_pipeline.py
[2024-01-27T02:22:09.940+0000] {processor.py:830} INFO - Processing file /opt/airflow/dags/dog_api_pipeline.py for tasks to queue
[2024-01-27T02:22:09.941+0000] {logging_mixin.py:188} INFO - [2024-01-27T02:22:09.941+0000] {dagbag.py:538} INFO - Filling up the DagBag from /opt/airflow/dags/dog_api_pipeline.py
[2024-01-27T02:22:09.947+0000] {processor.py:840} INFO - DAG(s) 'dog_api_pipeline' retrieved from /opt/airflow/dags/dog_api_pipeline.py
[2024-01-27T02:22:09.967+0000] {logging_mixin.py:188} INFO - [2024-01-27T02:22:09.966+0000] {dag.py:3033} INFO - Sync 1 DAGs
[2024-01-27T02:22:09.976+0000] {logging_mixin.py:188} INFO - [2024-01-27T02:22:09.976+0000] {dag.py:3820} INFO - Setting next_dagrun for dog_api_pipeline to None, run_after=None
[2024-01-27T02:22:09.994+0000] {processor.py:183} INFO - Processing /opt/airflow/dags/dog_api_pipeline.py took 0.058 seconds
[2024-01-27T02:22:40.081+0000] {processor.py:161} INFO - Started process (PID=497) to work on /opt/airflow/dags/dog_api_pipeline.py
[2024-01-27T02:22:40.081+0000] {processor.py:830} INFO - Processing file /opt/airflow/dags/dog_api_pipeline.py for tasks to queue
[2024-01-27T02:22:40.082+0000] {logging_mixin.py:188} INFO - [2024-01-27T02:22:40.082+0000] {dagbag.py:538} INFO - Filling up the DagBag from /opt/airflow/dags/dog_api_pipeline.py
[2024-01-27T02:22:40.089+0000] {processor.py:840} INFO - DAG(s) 'dog_api_pipeline' retrieved from /opt/airflow/dags/dog_api_pipeline.py
[2024-01-27T02:22:40.109+0000] {logging_mixin.py:188} INFO - [2024-01-27T02:22:40.108+0000] {dag.py:3033} INFO - Sync 1 DAGs
[2024-01-27T02:22:40.118+0000] {logging_mixin.py:188} INFO - [2024-01-27T02:22:40.118+0000] {dag.py:3820} INFO - Setting next_dagrun for dog_api_pipeline to None, run_after=None
[2024-01-27T02:22:40.139+0000] {processor.py:183} INFO - Processing /opt/airflow/dags/dog_api_pipeline.py took 0.061 seconds
[2024-01-27T02:23:10.211+0000] {processor.py:161} INFO - Started process (PID=519) to work on /opt/airflow/dags/dog_api_pipeline.py
[2024-01-27T02:23:10.212+0000] {processor.py:830} INFO - Processing file /opt/airflow/dags/dog_api_pipeline.py for tasks to queue
[2024-01-27T02:23:10.213+0000] {logging_mixin.py:188} INFO - [2024-01-27T02:23:10.212+0000] {dagbag.py:538} INFO - Filling up the DagBag from /opt/airflow/dags/dog_api_pipeline.py
[2024-01-27T02:23:10.219+0000] {processor.py:840} INFO - DAG(s) 'dog_api_pipeline' retrieved from /opt/airflow/dags/dog_api_pipeline.py
[2024-01-27T02:23:10.241+0000] {logging_mixin.py:188} INFO - [2024-01-27T02:23:10.241+0000] {dag.py:3033} INFO - Sync 1 DAGs
[2024-01-27T02:23:10.250+0000] {logging_mixin.py:188} INFO - [2024-01-27T02:23:10.250+0000] {dag.py:3820} INFO - Setting next_dagrun for dog_api_pipeline to None, run_after=None
[2024-01-27T02:23:10.268+0000] {processor.py:183} INFO - Processing /opt/airflow/dags/dog_api_pipeline.py took 0.059 seconds
[2024-01-27T02:23:40.374+0000] {processor.py:161} INFO - Started process (PID=549) to work on /opt/airflow/dags/dog_api_pipeline.py
[2024-01-27T02:23:40.375+0000] {processor.py:830} INFO - Processing file /opt/airflow/dags/dog_api_pipeline.py for tasks to queue
[2024-01-27T02:23:40.376+0000] {logging_mixin.py:188} INFO - [2024-01-27T02:23:40.376+0000] {dagbag.py:538} INFO - Filling up the DagBag from /opt/airflow/dags/dog_api_pipeline.py
[2024-01-27T02:23:40.385+0000] {processor.py:840} INFO - DAG(s) 'dog_api_pipeline' retrieved from /opt/airflow/dags/dog_api_pipeline.py
[2024-01-27T02:23:40.414+0000] {logging_mixin.py:188} INFO - [2024-01-27T02:23:40.413+0000] {dag.py:3033} INFO - Sync 1 DAGs
[2024-01-27T02:23:40.428+0000] {logging_mixin.py:188} INFO - [2024-01-27T02:23:40.427+0000] {dag.py:3820} INFO - Setting next_dagrun for dog_api_pipeline to None, run_after=None
[2024-01-27T02:23:40.450+0000] {processor.py:183} INFO - Processing /opt/airflow/dags/dog_api_pipeline.py took 0.079 seconds
[2024-01-27T02:24:10.507+0000] {processor.py:161} INFO - Started process (PID=573) to work on /opt/airflow/dags/dog_api_pipeline.py
[2024-01-27T02:24:10.508+0000] {processor.py:830} INFO - Processing file /opt/airflow/dags/dog_api_pipeline.py for tasks to queue
[2024-01-27T02:24:10.508+0000] {logging_mixin.py:188} INFO - [2024-01-27T02:24:10.508+0000] {dagbag.py:538} INFO - Filling up the DagBag from /opt/airflow/dags/dog_api_pipeline.py
[2024-01-27T02:24:10.515+0000] {processor.py:840} INFO - DAG(s) 'dog_api_pipeline' retrieved from /opt/airflow/dags/dog_api_pipeline.py
[2024-01-27T02:24:10.535+0000] {logging_mixin.py:188} INFO - [2024-01-27T02:24:10.535+0000] {dag.py:3033} INFO - Sync 1 DAGs
[2024-01-27T02:24:10.545+0000] {logging_mixin.py:188} INFO - [2024-01-27T02:24:10.545+0000] {dag.py:3820} INFO - Setting next_dagrun for dog_api_pipeline to None, run_after=None
[2024-01-27T02:24:10.564+0000] {processor.py:183} INFO - Processing /opt/airflow/dags/dog_api_pipeline.py took 0.059 seconds
[2024-01-27T02:24:40.670+0000] {processor.py:161} INFO - Started process (PID=594) to work on /opt/airflow/dags/dog_api_pipeline.py
[2024-01-27T02:24:40.671+0000] {processor.py:830} INFO - Processing file /opt/airflow/dags/dog_api_pipeline.py for tasks to queue
[2024-01-27T02:24:40.672+0000] {logging_mixin.py:188} INFO - [2024-01-27T02:24:40.671+0000] {dagbag.py:538} INFO - Filling up the DagBag from /opt/airflow/dags/dog_api_pipeline.py
[2024-01-27T02:24:40.681+0000] {processor.py:840} INFO - DAG(s) 'dog_api_pipeline' retrieved from /opt/airflow/dags/dog_api_pipeline.py
[2024-01-27T02:24:40.706+0000] {logging_mixin.py:188} INFO - [2024-01-27T02:24:40.706+0000] {dag.py:3033} INFO - Sync 1 DAGs
[2024-01-27T02:24:40.719+0000] {logging_mixin.py:188} INFO - [2024-01-27T02:24:40.719+0000] {dag.py:3820} INFO - Setting next_dagrun for dog_api_pipeline to None, run_after=None
[2024-01-27T02:24:40.752+0000] {processor.py:183} INFO - Processing /opt/airflow/dags/dog_api_pipeline.py took 0.084 seconds
[2024-01-27T02:25:10.800+0000] {processor.py:161} INFO - Started process (PID=625) to work on /opt/airflow/dags/dog_api_pipeline.py
[2024-01-27T02:25:10.801+0000] {processor.py:830} INFO - Processing file /opt/airflow/dags/dog_api_pipeline.py for tasks to queue
[2024-01-27T02:25:10.802+0000] {logging_mixin.py:188} INFO - [2024-01-27T02:25:10.801+0000] {dagbag.py:538} INFO - Filling up the DagBag from /opt/airflow/dags/dog_api_pipeline.py
[2024-01-27T02:25:10.808+0000] {processor.py:840} INFO - DAG(s) 'dog_api_pipeline' retrieved from /opt/airflow/dags/dog_api_pipeline.py
[2024-01-27T02:25:10.829+0000] {logging_mixin.py:188} INFO - [2024-01-27T02:25:10.829+0000] {dag.py:3033} INFO - Sync 1 DAGs
[2024-01-27T02:25:10.838+0000] {logging_mixin.py:188} INFO - [2024-01-27T02:25:10.838+0000] {dag.py:3820} INFO - Setting next_dagrun for dog_api_pipeline to None, run_after=None
[2024-01-27T02:25:10.858+0000] {processor.py:183} INFO - Processing /opt/airflow/dags/dog_api_pipeline.py took 0.060 seconds
[2024-01-27T02:25:40.988+0000] {processor.py:161} INFO - Started process (PID=646) to work on /opt/airflow/dags/dog_api_pipeline.py
[2024-01-27T02:25:40.989+0000] {processor.py:830} INFO - Processing file /opt/airflow/dags/dog_api_pipeline.py for tasks to queue
[2024-01-27T02:25:40.989+0000] {logging_mixin.py:188} INFO - [2024-01-27T02:25:40.989+0000] {dagbag.py:538} INFO - Filling up the DagBag from /opt/airflow/dags/dog_api_pipeline.py
[2024-01-27T02:25:40.995+0000] {processor.py:840} INFO - DAG(s) 'dog_api_pipeline' retrieved from /opt/airflow/dags/dog_api_pipeline.py
[2024-01-27T02:25:41.015+0000] {logging_mixin.py:188} INFO - [2024-01-27T02:25:41.015+0000] {dag.py:3033} INFO - Sync 1 DAGs
[2024-01-27T02:25:41.025+0000] {logging_mixin.py:188} INFO - [2024-01-27T02:25:41.025+0000] {dag.py:3820} INFO - Setting next_dagrun for dog_api_pipeline to None, run_after=None
[2024-01-27T02:25:41.043+0000] {processor.py:183} INFO - Processing /opt/airflow/dags/dog_api_pipeline.py took 0.058 seconds
[2024-01-27T02:26:11.181+0000] {processor.py:161} INFO - Started process (PID=675) to work on /opt/airflow/dags/dog_api_pipeline.py
[2024-01-27T02:26:11.182+0000] {processor.py:830} INFO - Processing file /opt/airflow/dags/dog_api_pipeline.py for tasks to queue
[2024-01-27T02:26:11.183+0000] {logging_mixin.py:188} INFO - [2024-01-27T02:26:11.182+0000] {dagbag.py:538} INFO - Filling up the DagBag from /opt/airflow/dags/dog_api_pipeline.py
[2024-01-27T02:26:11.192+0000] {processor.py:840} INFO - DAG(s) 'dog_api_pipeline' retrieved from /opt/airflow/dags/dog_api_pipeline.py
[2024-01-27T02:26:11.221+0000] {logging_mixin.py:188} INFO - [2024-01-27T02:26:11.221+0000] {dag.py:3033} INFO - Sync 1 DAGs
[2024-01-27T02:26:11.235+0000] {logging_mixin.py:188} INFO - [2024-01-27T02:26:11.234+0000] {dag.py:3820} INFO - Setting next_dagrun for dog_api_pipeline to None, run_after=None
[2024-01-27T02:26:11.259+0000] {processor.py:183} INFO - Processing /opt/airflow/dags/dog_api_pipeline.py took 0.081 seconds
[2024-01-27T02:26:41.315+0000] {processor.py:161} INFO - Started process (PID=697) to work on /opt/airflow/dags/dog_api_pipeline.py
[2024-01-27T02:26:41.315+0000] {processor.py:830} INFO - Processing file /opt/airflow/dags/dog_api_pipeline.py for tasks to queue
[2024-01-27T02:26:41.316+0000] {logging_mixin.py:188} INFO - [2024-01-27T02:26:41.316+0000] {dagbag.py:538} INFO - Filling up the DagBag from /opt/airflow/dags/dog_api_pipeline.py
[2024-01-27T02:26:41.322+0000] {processor.py:840} INFO - DAG(s) 'dog_api_pipeline' retrieved from /opt/airflow/dags/dog_api_pipeline.py
[2024-01-27T02:26:41.350+0000] {logging_mixin.py:188} INFO - [2024-01-27T02:26:41.349+0000] {dag.py:3033} INFO - Sync 1 DAGs
[2024-01-27T02:26:41.360+0000] {logging_mixin.py:188} INFO - [2024-01-27T02:26:41.360+0000] {dag.py:3820} INFO - Setting next_dagrun for dog_api_pipeline to None, run_after=None
[2024-01-27T02:26:41.379+0000] {processor.py:183} INFO - Processing /opt/airflow/dags/dog_api_pipeline.py took 0.066 seconds
[2024-01-27T02:27:11.491+0000] {processor.py:161} INFO - Started process (PID=719) to work on /opt/airflow/dags/dog_api_pipeline.py
[2024-01-27T02:27:11.491+0000] {processor.py:830} INFO - Processing file /opt/airflow/dags/dog_api_pipeline.py for tasks to queue
[2024-01-27T02:27:11.492+0000] {logging_mixin.py:188} INFO - [2024-01-27T02:27:11.492+0000] {dagbag.py:538} INFO - Filling up the DagBag from /opt/airflow/dags/dog_api_pipeline.py
[2024-01-27T02:27:11.498+0000] {processor.py:840} INFO - DAG(s) 'dog_api_pipeline' retrieved from /opt/airflow/dags/dog_api_pipeline.py
[2024-01-27T02:27:11.518+0000] {logging_mixin.py:188} INFO - [2024-01-27T02:27:11.517+0000] {dag.py:3033} INFO - Sync 1 DAGs
[2024-01-27T02:27:11.527+0000] {logging_mixin.py:188} INFO - [2024-01-27T02:27:11.526+0000] {dag.py:3820} INFO - Setting next_dagrun for dog_api_pipeline to None, run_after=None
[2024-01-27T02:27:11.544+0000] {processor.py:183} INFO - Processing /opt/airflow/dags/dog_api_pipeline.py took 0.056 seconds
[2024-01-27T02:27:41.628+0000] {processor.py:161} INFO - Started process (PID=749) to work on /opt/airflow/dags/dog_api_pipeline.py
[2024-01-27T02:27:41.628+0000] {processor.py:830} INFO - Processing file /opt/airflow/dags/dog_api_pipeline.py for tasks to queue
[2024-01-27T02:27:41.629+0000] {logging_mixin.py:188} INFO - [2024-01-27T02:27:41.629+0000] {dagbag.py:538} INFO - Filling up the DagBag from /opt/airflow/dags/dog_api_pipeline.py
[2024-01-27T02:27:41.635+0000] {processor.py:840} INFO - DAG(s) 'dog_api_pipeline' retrieved from /opt/airflow/dags/dog_api_pipeline.py
[2024-01-27T02:27:41.655+0000] {logging_mixin.py:188} INFO - [2024-01-27T02:27:41.655+0000] {dag.py:3033} INFO - Sync 1 DAGs
[2024-01-27T02:27:41.664+0000] {logging_mixin.py:188} INFO - [2024-01-27T02:27:41.664+0000] {dag.py:3820} INFO - Setting next_dagrun for dog_api_pipeline to None, run_after=None
[2024-01-27T02:27:41.683+0000] {processor.py:183} INFO - Processing /opt/airflow/dags/dog_api_pipeline.py took 0.058 seconds
[2024-01-27T02:28:11.756+0000] {processor.py:161} INFO - Started process (PID=771) to work on /opt/airflow/dags/dog_api_pipeline.py
[2024-01-27T02:28:11.757+0000] {processor.py:830} INFO - Processing file /opt/airflow/dags/dog_api_pipeline.py for tasks to queue
[2024-01-27T02:28:11.758+0000] {logging_mixin.py:188} INFO - [2024-01-27T02:28:11.757+0000] {dagbag.py:538} INFO - Filling up the DagBag from /opt/airflow/dags/dog_api_pipeline.py
[2024-01-27T02:28:11.765+0000] {processor.py:840} INFO - DAG(s) 'dog_api_pipeline' retrieved from /opt/airflow/dags/dog_api_pipeline.py
[2024-01-27T02:28:11.785+0000] {logging_mixin.py:188} INFO - [2024-01-27T02:28:11.785+0000] {dag.py:3033} INFO - Sync 1 DAGs
[2024-01-27T02:28:11.794+0000] {logging_mixin.py:188} INFO - [2024-01-27T02:28:11.794+0000] {dag.py:3820} INFO - Setting next_dagrun for dog_api_pipeline to None, run_after=None
[2024-01-27T02:28:11.812+0000] {processor.py:183} INFO - Processing /opt/airflow/dags/dog_api_pipeline.py took 0.058 seconds
[2024-01-27T02:28:41.926+0000] {processor.py:161} INFO - Started process (PID=800) to work on /opt/airflow/dags/dog_api_pipeline.py
[2024-01-27T02:28:41.927+0000] {processor.py:830} INFO - Processing file /opt/airflow/dags/dog_api_pipeline.py for tasks to queue
[2024-01-27T02:28:41.928+0000] {logging_mixin.py:188} INFO - [2024-01-27T02:28:41.927+0000] {dagbag.py:538} INFO - Filling up the DagBag from /opt/airflow/dags/dog_api_pipeline.py
[2024-01-27T02:28:41.937+0000] {processor.py:840} INFO - DAG(s) 'dog_api_pipeline' retrieved from /opt/airflow/dags/dog_api_pipeline.py
[2024-01-27T02:28:41.968+0000] {logging_mixin.py:188} INFO - [2024-01-27T02:28:41.968+0000] {dag.py:3033} INFO - Sync 1 DAGs
[2024-01-27T02:28:41.981+0000] {logging_mixin.py:188} INFO - [2024-01-27T02:28:41.981+0000] {dag.py:3820} INFO - Setting next_dagrun for dog_api_pipeline to None, run_after=None
[2024-01-27T02:28:42.013+0000] {processor.py:183} INFO - Processing /opt/airflow/dags/dog_api_pipeline.py took 0.091 seconds
[2024-01-27T02:29:12.063+0000] {processor.py:161} INFO - Started process (PID=822) to work on /opt/airflow/dags/dog_api_pipeline.py
[2024-01-27T02:29:12.064+0000] {processor.py:830} INFO - Processing file /opt/airflow/dags/dog_api_pipeline.py for tasks to queue
[2024-01-27T02:29:12.064+0000] {logging_mixin.py:188} INFO - [2024-01-27T02:29:12.064+0000] {dagbag.py:538} INFO - Filling up the DagBag from /opt/airflow/dags/dog_api_pipeline.py
[2024-01-27T02:29:12.071+0000] {processor.py:840} INFO - DAG(s) 'dog_api_pipeline' retrieved from /opt/airflow/dags/dog_api_pipeline.py
[2024-01-27T02:29:12.091+0000] {logging_mixin.py:188} INFO - [2024-01-27T02:29:12.091+0000] {dag.py:3033} INFO - Sync 1 DAGs
[2024-01-27T02:29:12.100+0000] {logging_mixin.py:188} INFO - [2024-01-27T02:29:12.100+0000] {dag.py:3820} INFO - Setting next_dagrun for dog_api_pipeline to None, run_after=None
[2024-01-27T02:29:12.124+0000] {processor.py:183} INFO - Processing /opt/airflow/dags/dog_api_pipeline.py took 0.064 seconds
[2024-01-27T02:29:42.255+0000] {processor.py:161} INFO - Started process (PID=844) to work on /opt/airflow/dags/dog_api_pipeline.py
[2024-01-27T02:29:42.256+0000] {processor.py:830} INFO - Processing file /opt/airflow/dags/dog_api_pipeline.py for tasks to queue
[2024-01-27T02:29:42.256+0000] {logging_mixin.py:188} INFO - [2024-01-27T02:29:42.256+0000] {dagbag.py:538} INFO - Filling up the DagBag from /opt/airflow/dags/dog_api_pipeline.py
[2024-01-27T02:29:42.263+0000] {processor.py:840} INFO - DAG(s) 'dog_api_pipeline' retrieved from /opt/airflow/dags/dog_api_pipeline.py
[2024-01-27T02:29:42.282+0000] {logging_mixin.py:188} INFO - [2024-01-27T02:29:42.282+0000] {dag.py:3033} INFO - Sync 1 DAGs
[2024-01-27T02:29:42.291+0000] {logging_mixin.py:188} INFO - [2024-01-27T02:29:42.291+0000] {dag.py:3820} INFO - Setting next_dagrun for dog_api_pipeline to None, run_after=None
[2024-01-27T02:29:42.310+0000] {processor.py:183} INFO - Processing /opt/airflow/dags/dog_api_pipeline.py took 0.057 seconds
