[0m03:55:11.220244 [debug] [MainThread]: Sending event: {'category': 'dbt', 'action': 'invocation', 'label': 'start', 'context': [<snowplow_tracker.self_describing_json.SelfDescribingJson object at 0x7fccb43449a0>, <snowplow_tracker.self_describing_json.SelfDescribingJson object at 0x7fccb271ee60>, <snowplow_tracker.self_describing_json.SelfDescribingJson object at 0x7fccb271eec0>]}


============================== 03:55:11.246045 | e04bfd9f-e62d-4fb6-abca-0cb1199bc510 ==============================
[0m03:55:11.246045 [info ] [MainThread]: Running with dbt=1.7.9
[0m03:55:11.247084 [debug] [MainThread]: running dbt with arguments {'printer_width': '80', 'indirect_selection': 'eager', 'write_json': 'True', 'log_cache_events': 'False', 'partial_parse': 'True', 'cache_selected_only': 'False', 'warn_error': 'None', 'fail_fast': 'False', 'profiles_dir': '/home/codespace/.dbt', 'log_path': 'logs', 'debug': 'False', 'version_check': 'True', 'use_colors': 'True', 'use_experimental_parser': 'False', 'no_print': 'None', 'quiet': 'False', 'warn_error_options': 'WarnErrorOptions(include=[], exclude=[])', 'introspect': 'True', 'static_parser': 'True', 'log_format': 'default', 'target_path': 'None', 'invocation_command': 'dbt init', 'send_anonymous_usage_stats': 'True'}
[0m03:55:11.247853 [warn ] [MainThread]: [ConfigFolderDirectory]: Unable to parse dict {'dir': PosixPath('/home/codespace/.dbt')}
[0m03:55:11.248573 [info ] [MainThread]: Creating dbt configuration folder at 
[0m03:55:41.216034 [debug] [MainThread]: Starter project path: /home/codespace/.cache/pypoetry/virtualenvs/weather-TZy5B4ZX-py3.10/lib/python3.10/site-packages/dbt/include/starter_project
[0m03:55:41.223141 [info ] [MainThread]: 
Your new dbt project "weather" was created!

For more information on how to configure the profiles.yml file,
please consult the dbt documentation here:

  https://docs.getdbt.com/docs/configure-your-profile

One more thing:

Need help? Don't hesitate to reach out to us via GitHub issues or on Slack:

  https://community.getdbt.com/

Happy modeling!

[0m03:55:41.223929 [info ] [MainThread]: Setting up your profile.
[0m04:00:30.034924 [info ] [MainThread]: Profile weather written to /home/codespace/.dbt/profiles.yml using target's profile_template.yml and your supplied values. Run 'dbt debug' to validate the connection.
[0m04:00:30.044340 [debug] [MainThread]: Resource report: {"command_name": "init", "command_success": true, "command_wall_clock_time": 318.82812, "process_user_time": 4.517848, "process_kernel_time": 0.404994, "process_mem_max_rss": "93828", "process_in_blocks": "2400", "process_out_blocks": "22624"}
[0m04:00:30.046302 [debug] [MainThread]: Command `dbt init` succeeded at 04:00:30.045814 after 318.83 seconds
[0m04:00:30.049022 [debug] [MainThread]: Sending event: {'category': 'dbt', 'action': 'invocation', 'label': 'end', 'context': [<snowplow_tracker.self_describing_json.SelfDescribingJson object at 0x7fccb43449a0>, <snowplow_tracker.self_describing_json.SelfDescribingJson object at 0x7fccb6026b60>, <snowplow_tracker.self_describing_json.SelfDescribingJson object at 0x7fccb6026b90>]}
[0m04:00:30.052526 [debug] [MainThread]: Flushing usage events
