[2024-01-20T05:03:30.830+0000] {processor.py:161} INFO - Started process (PID=536) to work on /opt/airflow/dags/dog_api_pipeline.py
[2024-01-20T05:03:30.830+0000] {processor.py:830} INFO - Processing file /opt/airflow/dags/dog_api_pipeline.py for tasks to queue
[2024-01-20T05:03:30.831+0000] {logging_mixin.py:188} INFO - [2024-01-20T05:03:30.831+0000] {dagbag.py:538} INFO - Filling up the DagBag from /opt/airflow/dags/dog_api_pipeline.py
[2024-01-20T05:03:30.846+0000] {processor.py:840} INFO - DAG(s) 'dog_api_pipeline' retrieved from /opt/airflow/dags/dog_api_pipeline.py
[2024-01-20T05:03:31.063+0000] {logging_mixin.py:188} INFO - [2024-01-20T05:03:31.063+0000] {override.py:1769} INFO - Created Permission View: can read on DAG:dog_api_pipeline
[2024-01-20T05:03:31.081+0000] {logging_mixin.py:188} INFO - [2024-01-20T05:03:31.081+0000] {override.py:1769} INFO - Created Permission View: can edit on DAG:dog_api_pipeline
[2024-01-20T05:03:31.093+0000] {logging_mixin.py:188} INFO - [2024-01-20T05:03:31.093+0000] {override.py:1769} INFO - Created Permission View: can delete on DAG:dog_api_pipeline
[2024-01-20T05:03:31.093+0000] {logging_mixin.py:188} INFO - [2024-01-20T05:03:31.093+0000] {dag.py:3033} INFO - Sync 1 DAGs
[2024-01-20T05:03:31.105+0000] {logging_mixin.py:188} INFO - [2024-01-20T05:03:31.105+0000] {dag.py:3055} INFO - Creating ORM DAG for dog_api_pipeline
[2024-01-20T05:03:31.105+0000] {logging_mixin.py:188} INFO - [2024-01-20T05:03:31.105+0000] {dag.py:3820} INFO - Setting next_dagrun for dog_api_pipeline to None, run_after=None
[2024-01-20T05:03:31.127+0000] {processor.py:183} INFO - Processing /opt/airflow/dags/dog_api_pipeline.py took 0.300 seconds
[2024-01-20T05:04:01.255+0000] {processor.py:161} INFO - Started process (PID=558) to work on /opt/airflow/dags/dog_api_pipeline.py
[2024-01-20T05:04:01.256+0000] {processor.py:830} INFO - Processing file /opt/airflow/dags/dog_api_pipeline.py for tasks to queue
[2024-01-20T05:04:01.256+0000] {logging_mixin.py:188} INFO - [2024-01-20T05:04:01.256+0000] {dagbag.py:538} INFO - Filling up the DagBag from /opt/airflow/dags/dog_api_pipeline.py
[2024-01-20T05:04:01.265+0000] {processor.py:840} INFO - DAG(s) 'dog_api_pipeline' retrieved from /opt/airflow/dags/dog_api_pipeline.py
[2024-01-20T05:04:01.296+0000] {logging_mixin.py:188} INFO - [2024-01-20T05:04:01.296+0000] {dag.py:3033} INFO - Sync 1 DAGs
[2024-01-20T05:04:01.313+0000] {logging_mixin.py:188} INFO - [2024-01-20T05:04:01.312+0000] {dag.py:3820} INFO - Setting next_dagrun for dog_api_pipeline to None, run_after=None
[2024-01-20T05:04:01.337+0000] {processor.py:183} INFO - Processing /opt/airflow/dags/dog_api_pipeline.py took 0.086 seconds
[2024-01-20T05:04:31.406+0000] {processor.py:161} INFO - Started process (PID=588) to work on /opt/airflow/dags/dog_api_pipeline.py
[2024-01-20T05:04:31.406+0000] {processor.py:830} INFO - Processing file /opt/airflow/dags/dog_api_pipeline.py for tasks to queue
[2024-01-20T05:04:31.407+0000] {logging_mixin.py:188} INFO - [2024-01-20T05:04:31.407+0000] {dagbag.py:538} INFO - Filling up the DagBag from /opt/airflow/dags/dog_api_pipeline.py
[2024-01-20T05:04:31.417+0000] {processor.py:840} INFO - DAG(s) 'dog_api_pipeline' retrieved from /opt/airflow/dags/dog_api_pipeline.py
[2024-01-20T05:04:31.447+0000] {logging_mixin.py:188} INFO - [2024-01-20T05:04:31.446+0000] {dag.py:3033} INFO - Sync 1 DAGs
[2024-01-20T05:04:31.468+0000] {logging_mixin.py:188} INFO - [2024-01-20T05:04:31.468+0000] {dag.py:3820} INFO - Setting next_dagrun for dog_api_pipeline to None, run_after=None
[2024-01-20T05:04:31.493+0000] {processor.py:183} INFO - Processing /opt/airflow/dags/dog_api_pipeline.py took 0.091 seconds
[2024-01-20T05:05:01.631+0000] {processor.py:161} INFO - Started process (PID=611) to work on /opt/airflow/dags/dog_api_pipeline.py
[2024-01-20T05:05:01.632+0000] {processor.py:830} INFO - Processing file /opt/airflow/dags/dog_api_pipeline.py for tasks to queue
[2024-01-20T05:05:01.632+0000] {logging_mixin.py:188} INFO - [2024-01-20T05:05:01.632+0000] {dagbag.py:538} INFO - Filling up the DagBag from /opt/airflow/dags/dog_api_pipeline.py
[2024-01-20T05:05:01.640+0000] {processor.py:840} INFO - DAG(s) 'dog_api_pipeline' retrieved from /opt/airflow/dags/dog_api_pipeline.py
[2024-01-20T05:05:01.660+0000] {logging_mixin.py:188} INFO - [2024-01-20T05:05:01.660+0000] {dag.py:3033} INFO - Sync 1 DAGs
[2024-01-20T05:05:01.669+0000] {logging_mixin.py:188} INFO - [2024-01-20T05:05:01.669+0000] {dag.py:3820} INFO - Setting next_dagrun for dog_api_pipeline to None, run_after=None
[2024-01-20T05:05:01.688+0000] {processor.py:183} INFO - Processing /opt/airflow/dags/dog_api_pipeline.py took 0.060 seconds
[2024-01-20T05:05:31.765+0000] {processor.py:161} INFO - Started process (PID=633) to work on /opt/airflow/dags/dog_api_pipeline.py
[2024-01-20T05:05:31.765+0000] {processor.py:830} INFO - Processing file /opt/airflow/dags/dog_api_pipeline.py for tasks to queue
[2024-01-20T05:05:31.766+0000] {logging_mixin.py:188} INFO - [2024-01-20T05:05:31.766+0000] {dagbag.py:538} INFO - Filling up the DagBag from /opt/airflow/dags/dog_api_pipeline.py
[2024-01-20T05:05:31.772+0000] {processor.py:840} INFO - DAG(s) 'dog_api_pipeline' retrieved from /opt/airflow/dags/dog_api_pipeline.py
[2024-01-20T05:05:31.793+0000] {logging_mixin.py:188} INFO - [2024-01-20T05:05:31.793+0000] {dag.py:3033} INFO - Sync 1 DAGs
[2024-01-20T05:05:31.803+0000] {logging_mixin.py:188} INFO - [2024-01-20T05:05:31.803+0000] {dag.py:3820} INFO - Setting next_dagrun for dog_api_pipeline to None, run_after=None
[2024-01-20T05:05:31.823+0000] {processor.py:183} INFO - Processing /opt/airflow/dags/dog_api_pipeline.py took 0.061 seconds
[2024-01-20T05:06:01.922+0000] {processor.py:161} INFO - Started process (PID=663) to work on /opt/airflow/dags/dog_api_pipeline.py
[2024-01-20T05:06:01.922+0000] {processor.py:830} INFO - Processing file /opt/airflow/dags/dog_api_pipeline.py for tasks to queue
[2024-01-20T05:06:01.923+0000] {logging_mixin.py:188} INFO - [2024-01-20T05:06:01.923+0000] {dagbag.py:538} INFO - Filling up the DagBag from /opt/airflow/dags/dog_api_pipeline.py
[2024-01-20T05:06:01.933+0000] {processor.py:840} INFO - DAG(s) 'dog_api_pipeline' retrieved from /opt/airflow/dags/dog_api_pipeline.py
[2024-01-20T05:06:01.966+0000] {logging_mixin.py:188} INFO - [2024-01-20T05:06:01.966+0000] {dag.py:3033} INFO - Sync 1 DAGs
[2024-01-20T05:06:01.998+0000] {logging_mixin.py:188} INFO - [2024-01-20T05:06:01.998+0000] {dag.py:3820} INFO - Setting next_dagrun for dog_api_pipeline to None, run_after=None
[2024-01-20T05:06:02.029+0000] {processor.py:183} INFO - Processing /opt/airflow/dags/dog_api_pipeline.py took 0.111 seconds
[2024-01-20T05:06:32.141+0000] {processor.py:161} INFO - Started process (PID=686) to work on /opt/airflow/dags/dog_api_pipeline.py
[2024-01-20T05:06:32.142+0000] {processor.py:830} INFO - Processing file /opt/airflow/dags/dog_api_pipeline.py for tasks to queue
[2024-01-20T05:06:32.143+0000] {logging_mixin.py:188} INFO - [2024-01-20T05:06:32.142+0000] {dagbag.py:538} INFO - Filling up the DagBag from /opt/airflow/dags/dog_api_pipeline.py
[2024-01-20T05:06:32.149+0000] {processor.py:840} INFO - DAG(s) 'dog_api_pipeline' retrieved from /opt/airflow/dags/dog_api_pipeline.py
[2024-01-20T05:06:32.170+0000] {logging_mixin.py:188} INFO - [2024-01-20T05:06:32.170+0000] {dag.py:3033} INFO - Sync 1 DAGs
[2024-01-20T05:06:32.179+0000] {logging_mixin.py:188} INFO - [2024-01-20T05:06:32.179+0000] {dag.py:3820} INFO - Setting next_dagrun for dog_api_pipeline to None, run_after=None
[2024-01-20T05:06:32.198+0000] {processor.py:183} INFO - Processing /opt/airflow/dags/dog_api_pipeline.py took 0.059 seconds
[2024-01-20T05:07:02.266+0000] {processor.py:161} INFO - Started process (PID=707) to work on /opt/airflow/dags/dog_api_pipeline.py
[2024-01-20T05:07:02.266+0000] {processor.py:830} INFO - Processing file /opt/airflow/dags/dog_api_pipeline.py for tasks to queue
[2024-01-20T05:07:02.267+0000] {logging_mixin.py:188} INFO - [2024-01-20T05:07:02.267+0000] {dagbag.py:538} INFO - Filling up the DagBag from /opt/airflow/dags/dog_api_pipeline.py
[2024-01-20T05:07:02.273+0000] {processor.py:840} INFO - DAG(s) 'dog_api_pipeline' retrieved from /opt/airflow/dags/dog_api_pipeline.py
[2024-01-20T05:07:02.296+0000] {logging_mixin.py:188} INFO - [2024-01-20T05:07:02.296+0000] {dag.py:3033} INFO - Sync 1 DAGs
[2024-01-20T05:07:02.305+0000] {logging_mixin.py:188} INFO - [2024-01-20T05:07:02.305+0000] {dag.py:3820} INFO - Setting next_dagrun for dog_api_pipeline to None, run_after=None
[2024-01-20T05:07:02.324+0000] {processor.py:183} INFO - Processing /opt/airflow/dags/dog_api_pipeline.py took 0.061 seconds
[2024-01-20T05:07:32.461+0000] {processor.py:161} INFO - Started process (PID=738) to work on /opt/airflow/dags/dog_api_pipeline.py
[2024-01-20T05:07:32.461+0000] {processor.py:830} INFO - Processing file /opt/airflow/dags/dog_api_pipeline.py for tasks to queue
[2024-01-20T05:07:32.462+0000] {logging_mixin.py:188} INFO - [2024-01-20T05:07:32.462+0000] {dagbag.py:538} INFO - Filling up the DagBag from /opt/airflow/dags/dog_api_pipeline.py
[2024-01-20T05:07:32.468+0000] {processor.py:840} INFO - DAG(s) 'dog_api_pipeline' retrieved from /opt/airflow/dags/dog_api_pipeline.py
[2024-01-20T05:07:32.488+0000] {logging_mixin.py:188} INFO - [2024-01-20T05:07:32.488+0000] {dag.py:3033} INFO - Sync 1 DAGs
[2024-01-20T05:07:32.498+0000] {logging_mixin.py:188} INFO - [2024-01-20T05:07:32.497+0000] {dag.py:3820} INFO - Setting next_dagrun for dog_api_pipeline to None, run_after=None
[2024-01-20T05:07:32.517+0000] {processor.py:183} INFO - Processing /opt/airflow/dags/dog_api_pipeline.py took 0.059 seconds
[2024-01-20T05:08:02.592+0000] {processor.py:161} INFO - Started process (PID=760) to work on /opt/airflow/dags/dog_api_pipeline.py
[2024-01-20T05:08:02.593+0000] {processor.py:830} INFO - Processing file /opt/airflow/dags/dog_api_pipeline.py for tasks to queue
[2024-01-20T05:08:02.593+0000] {logging_mixin.py:188} INFO - [2024-01-20T05:08:02.593+0000] {dagbag.py:538} INFO - Filling up the DagBag from /opt/airflow/dags/dog_api_pipeline.py
[2024-01-20T05:08:02.600+0000] {processor.py:840} INFO - DAG(s) 'dog_api_pipeline' retrieved from /opt/airflow/dags/dog_api_pipeline.py
[2024-01-20T05:08:02.622+0000] {logging_mixin.py:188} INFO - [2024-01-20T05:08:02.622+0000] {dag.py:3033} INFO - Sync 1 DAGs
[2024-01-20T05:08:02.632+0000] {logging_mixin.py:188} INFO - [2024-01-20T05:08:02.632+0000] {dag.py:3820} INFO - Setting next_dagrun for dog_api_pipeline to None, run_after=None
[2024-01-20T05:08:02.651+0000] {processor.py:183} INFO - Processing /opt/airflow/dags/dog_api_pipeline.py took 0.062 seconds
[2024-01-20T05:08:32.772+0000] {processor.py:161} INFO - Started process (PID=784) to work on /opt/airflow/dags/dog_api_pipeline.py
[2024-01-20T05:08:32.773+0000] {processor.py:830} INFO - Processing file /opt/airflow/dags/dog_api_pipeline.py for tasks to queue
[2024-01-20T05:08:32.773+0000] {logging_mixin.py:188} INFO - [2024-01-20T05:08:32.773+0000] {dagbag.py:538} INFO - Filling up the DagBag from /opt/airflow/dags/dog_api_pipeline.py
[2024-01-20T05:08:32.780+0000] {processor.py:840} INFO - DAG(s) 'dog_api_pipeline' retrieved from /opt/airflow/dags/dog_api_pipeline.py
[2024-01-20T05:08:32.800+0000] {logging_mixin.py:188} INFO - [2024-01-20T05:08:32.800+0000] {dag.py:3033} INFO - Sync 1 DAGs
[2024-01-20T05:08:32.810+0000] {logging_mixin.py:188} INFO - [2024-01-20T05:08:32.810+0000] {dag.py:3820} INFO - Setting next_dagrun for dog_api_pipeline to None, run_after=None
[2024-01-20T05:08:32.830+0000] {processor.py:183} INFO - Processing /opt/airflow/dags/dog_api_pipeline.py took 0.060 seconds
[2024-01-20T05:09:02.919+0000] {processor.py:161} INFO - Started process (PID=813) to work on /opt/airflow/dags/dog_api_pipeline.py
[2024-01-20T05:09:02.920+0000] {processor.py:830} INFO - Processing file /opt/airflow/dags/dog_api_pipeline.py for tasks to queue
[2024-01-20T05:09:02.920+0000] {logging_mixin.py:188} INFO - [2024-01-20T05:09:02.920+0000] {dagbag.py:538} INFO - Filling up the DagBag from /opt/airflow/dags/dog_api_pipeline.py
[2024-01-20T05:09:02.934+0000] {processor.py:840} INFO - DAG(s) 'dog_api_pipeline' retrieved from /opt/airflow/dags/dog_api_pipeline.py
[2024-01-20T05:09:02.959+0000] {logging_mixin.py:188} INFO - [2024-01-20T05:09:02.959+0000] {dag.py:3033} INFO - Sync 1 DAGs
[2024-01-20T05:09:02.969+0000] {logging_mixin.py:188} INFO - [2024-01-20T05:09:02.969+0000] {dag.py:3820} INFO - Setting next_dagrun for dog_api_pipeline to None, run_after=None
[2024-01-20T05:09:02.996+0000] {processor.py:183} INFO - Processing /opt/airflow/dags/dog_api_pipeline.py took 0.079 seconds
[2024-01-20T05:09:33.060+0000] {processor.py:161} INFO - Started process (PID=834) to work on /opt/airflow/dags/dog_api_pipeline.py
[2024-01-20T05:09:33.061+0000] {processor.py:830} INFO - Processing file /opt/airflow/dags/dog_api_pipeline.py for tasks to queue
[2024-01-20T05:09:33.061+0000] {logging_mixin.py:188} INFO - [2024-01-20T05:09:33.061+0000] {dagbag.py:538} INFO - Filling up the DagBag from /opt/airflow/dags/dog_api_pipeline.py
[2024-01-20T05:09:33.068+0000] {processor.py:840} INFO - DAG(s) 'dog_api_pipeline' retrieved from /opt/airflow/dags/dog_api_pipeline.py
[2024-01-20T05:09:33.090+0000] {logging_mixin.py:188} INFO - [2024-01-20T05:09:33.089+0000] {dag.py:3033} INFO - Sync 1 DAGs
[2024-01-20T05:09:33.100+0000] {logging_mixin.py:188} INFO - [2024-01-20T05:09:33.100+0000] {dag.py:3820} INFO - Setting next_dagrun for dog_api_pipeline to None, run_after=None
[2024-01-20T05:09:33.120+0000] {processor.py:183} INFO - Processing /opt/airflow/dags/dog_api_pipeline.py took 0.063 seconds
[2024-01-20T05:10:03.246+0000] {processor.py:161} INFO - Started process (PID=866) to work on /opt/airflow/dags/dog_api_pipeline.py
[2024-01-20T05:10:03.247+0000] {processor.py:830} INFO - Processing file /opt/airflow/dags/dog_api_pipeline.py for tasks to queue
[2024-01-20T05:10:03.248+0000] {logging_mixin.py:188} INFO - [2024-01-20T05:10:03.247+0000] {dagbag.py:538} INFO - Filling up the DagBag from /opt/airflow/dags/dog_api_pipeline.py
[2024-01-20T05:10:03.257+0000] {processor.py:840} INFO - DAG(s) 'dog_api_pipeline' retrieved from /opt/airflow/dags/dog_api_pipeline.py
[2024-01-20T05:10:03.285+0000] {logging_mixin.py:188} INFO - [2024-01-20T05:10:03.285+0000] {dag.py:3033} INFO - Sync 1 DAGs
[2024-01-20T05:10:03.300+0000] {logging_mixin.py:188} INFO - [2024-01-20T05:10:03.300+0000] {dag.py:3820} INFO - Setting next_dagrun for dog_api_pipeline to None, run_after=None
[2024-01-20T05:10:03.324+0000] {processor.py:183} INFO - Processing /opt/airflow/dags/dog_api_pipeline.py took 0.081 seconds
[2024-01-20T05:10:33.385+0000] {processor.py:161} INFO - Started process (PID=889) to work on /opt/airflow/dags/dog_api_pipeline.py
[2024-01-20T05:10:33.386+0000] {processor.py:830} INFO - Processing file /opt/airflow/dags/dog_api_pipeline.py for tasks to queue
[2024-01-20T05:10:33.386+0000] {logging_mixin.py:188} INFO - [2024-01-20T05:10:33.386+0000] {dagbag.py:538} INFO - Filling up the DagBag from /opt/airflow/dags/dog_api_pipeline.py
[2024-01-20T05:10:33.393+0000] {processor.py:840} INFO - DAG(s) 'dog_api_pipeline' retrieved from /opt/airflow/dags/dog_api_pipeline.py
[2024-01-20T05:10:33.414+0000] {logging_mixin.py:188} INFO - [2024-01-20T05:10:33.414+0000] {dag.py:3033} INFO - Sync 1 DAGs
[2024-01-20T05:10:33.424+0000] {logging_mixin.py:188} INFO - [2024-01-20T05:10:33.424+0000] {dag.py:3820} INFO - Setting next_dagrun for dog_api_pipeline to None, run_after=None
[2024-01-20T05:10:33.445+0000] {processor.py:183} INFO - Processing /opt/airflow/dags/dog_api_pipeline.py took 0.062 seconds
[2024-01-20T05:11:03.554+0000] {processor.py:161} INFO - Started process (PID=911) to work on /opt/airflow/dags/dog_api_pipeline.py
[2024-01-20T05:11:03.554+0000] {processor.py:830} INFO - Processing file /opt/airflow/dags/dog_api_pipeline.py for tasks to queue
[2024-01-20T05:11:03.555+0000] {logging_mixin.py:188} INFO - [2024-01-20T05:11:03.555+0000] {dagbag.py:538} INFO - Filling up the DagBag from /opt/airflow/dags/dog_api_pipeline.py
[2024-01-20T05:11:03.562+0000] {processor.py:840} INFO - DAG(s) 'dog_api_pipeline' retrieved from /opt/airflow/dags/dog_api_pipeline.py
[2024-01-20T05:11:03.582+0000] {logging_mixin.py:188} INFO - [2024-01-20T05:11:03.581+0000] {dag.py:3033} INFO - Sync 1 DAGs
[2024-01-20T05:11:03.591+0000] {logging_mixin.py:188} INFO - [2024-01-20T05:11:03.591+0000] {dag.py:3820} INFO - Setting next_dagrun for dog_api_pipeline to None, run_after=None
[2024-01-20T05:11:03.610+0000] {processor.py:183} INFO - Processing /opt/airflow/dags/dog_api_pipeline.py took 0.059 seconds
[2024-01-20T05:11:33.753+0000] {processor.py:161} INFO - Started process (PID=942) to work on /opt/airflow/dags/dog_api_pipeline.py
[2024-01-20T05:11:33.754+0000] {processor.py:830} INFO - Processing file /opt/airflow/dags/dog_api_pipeline.py for tasks to queue
[2024-01-20T05:11:33.755+0000] {logging_mixin.py:188} INFO - [2024-01-20T05:11:33.754+0000] {dagbag.py:538} INFO - Filling up the DagBag from /opt/airflow/dags/dog_api_pipeline.py
[2024-01-20T05:11:33.775+0000] {processor.py:840} INFO - DAG(s) 'dog_api_pipeline' retrieved from /opt/airflow/dags/dog_api_pipeline.py
[2024-01-20T05:11:33.842+0000] {logging_mixin.py:188} INFO - [2024-01-20T05:11:33.842+0000] {dag.py:3033} INFO - Sync 1 DAGs
[2024-01-20T05:11:33.859+0000] {logging_mixin.py:188} INFO - [2024-01-20T05:11:33.859+0000] {dag.py:3820} INFO - Setting next_dagrun for dog_api_pipeline to None, run_after=None
[2024-01-20T05:11:33.883+0000] {processor.py:183} INFO - Processing /opt/airflow/dags/dog_api_pipeline.py took 0.133 seconds
[2024-01-20T05:12:04.003+0000] {processor.py:161} INFO - Started process (PID=963) to work on /opt/airflow/dags/dog_api_pipeline.py
[2024-01-20T05:12:04.004+0000] {processor.py:830} INFO - Processing file /opt/airflow/dags/dog_api_pipeline.py for tasks to queue
[2024-01-20T05:12:04.004+0000] {logging_mixin.py:188} INFO - [2024-01-20T05:12:04.004+0000] {dagbag.py:538} INFO - Filling up the DagBag from /opt/airflow/dags/dog_api_pipeline.py
[2024-01-20T05:12:04.011+0000] {processor.py:840} INFO - DAG(s) 'dog_api_pipeline' retrieved from /opt/airflow/dags/dog_api_pipeline.py
[2024-01-20T05:12:04.032+0000] {logging_mixin.py:188} INFO - [2024-01-20T05:12:04.032+0000] {dag.py:3033} INFO - Sync 1 DAGs
[2024-01-20T05:12:04.042+0000] {logging_mixin.py:188} INFO - [2024-01-20T05:12:04.042+0000] {dag.py:3820} INFO - Setting next_dagrun for dog_api_pipeline to None, run_after=None
[2024-01-20T05:12:04.064+0000] {processor.py:183} INFO - Processing /opt/airflow/dags/dog_api_pipeline.py took 0.064 seconds
[2024-01-20T05:12:34.133+0000] {processor.py:161} INFO - Started process (PID=986) to work on /opt/airflow/dags/dog_api_pipeline.py
[2024-01-20T05:12:34.134+0000] {processor.py:830} INFO - Processing file /opt/airflow/dags/dog_api_pipeline.py for tasks to queue
[2024-01-20T05:12:34.134+0000] {logging_mixin.py:188} INFO - [2024-01-20T05:12:34.134+0000] {dagbag.py:538} INFO - Filling up the DagBag from /opt/airflow/dags/dog_api_pipeline.py
[2024-01-20T05:12:34.141+0000] {processor.py:840} INFO - DAG(s) 'dog_api_pipeline' retrieved from /opt/airflow/dags/dog_api_pipeline.py
[2024-01-20T05:12:34.162+0000] {logging_mixin.py:188} INFO - [2024-01-20T05:12:34.162+0000] {dag.py:3033} INFO - Sync 1 DAGs
[2024-01-20T05:12:34.173+0000] {logging_mixin.py:188} INFO - [2024-01-20T05:12:34.173+0000] {dag.py:3820} INFO - Setting next_dagrun for dog_api_pipeline to None, run_after=None
[2024-01-20T05:12:34.192+0000] {processor.py:183} INFO - Processing /opt/airflow/dags/dog_api_pipeline.py took 0.061 seconds
[2024-01-20T05:13:04.308+0000] {processor.py:161} INFO - Started process (PID=1018) to work on /opt/airflow/dags/dog_api_pipeline.py
[2024-01-20T05:13:04.309+0000] {processor.py:830} INFO - Processing file /opt/airflow/dags/dog_api_pipeline.py for tasks to queue
[2024-01-20T05:13:04.309+0000] {logging_mixin.py:188} INFO - [2024-01-20T05:13:04.309+0000] {dagbag.py:538} INFO - Filling up the DagBag from /opt/airflow/dags/dog_api_pipeline.py
[2024-01-20T05:13:04.316+0000] {processor.py:840} INFO - DAG(s) 'dog_api_pipeline' retrieved from /opt/airflow/dags/dog_api_pipeline.py
[2024-01-20T05:13:04.335+0000] {logging_mixin.py:188} INFO - [2024-01-20T05:13:04.335+0000] {dag.py:3033} INFO - Sync 1 DAGs
[2024-01-20T05:13:04.345+0000] {logging_mixin.py:188} INFO - [2024-01-20T05:13:04.345+0000] {dag.py:3820} INFO - Setting next_dagrun for dog_api_pipeline to None, run_after=None
[2024-01-20T05:13:04.365+0000] {processor.py:183} INFO - Processing /opt/airflow/dags/dog_api_pipeline.py took 0.060 seconds
[2024-01-20T05:13:34.440+0000] {processor.py:161} INFO - Started process (PID=1039) to work on /opt/airflow/dags/dog_api_pipeline.py
[2024-01-20T05:13:34.441+0000] {processor.py:830} INFO - Processing file /opt/airflow/dags/dog_api_pipeline.py for tasks to queue
[2024-01-20T05:13:34.442+0000] {logging_mixin.py:188} INFO - [2024-01-20T05:13:34.441+0000] {dagbag.py:538} INFO - Filling up the DagBag from /opt/airflow/dags/dog_api_pipeline.py
[2024-01-20T05:13:34.448+0000] {processor.py:840} INFO - DAG(s) 'dog_api_pipeline' retrieved from /opt/airflow/dags/dog_api_pipeline.py
[2024-01-20T05:13:34.470+0000] {logging_mixin.py:188} INFO - [2024-01-20T05:13:34.469+0000] {dag.py:3033} INFO - Sync 1 DAGs
[2024-01-20T05:13:34.479+0000] {logging_mixin.py:188} INFO - [2024-01-20T05:13:34.479+0000] {dag.py:3820} INFO - Setting next_dagrun for dog_api_pipeline to None, run_after=None
[2024-01-20T05:13:34.498+0000] {processor.py:183} INFO - Processing /opt/airflow/dags/dog_api_pipeline.py took 0.060 seconds
[2024-01-20T05:14:04.597+0000] {processor.py:161} INFO - Started process (PID=1070) to work on /opt/airflow/dags/dog_api_pipeline.py
[2024-01-20T05:14:04.598+0000] {processor.py:830} INFO - Processing file /opt/airflow/dags/dog_api_pipeline.py for tasks to queue
[2024-01-20T05:14:04.599+0000] {logging_mixin.py:188} INFO - [2024-01-20T05:14:04.598+0000] {dagbag.py:538} INFO - Filling up the DagBag from /opt/airflow/dags/dog_api_pipeline.py
[2024-01-20T05:14:04.607+0000] {processor.py:840} INFO - DAG(s) 'dog_api_pipeline' retrieved from /opt/airflow/dags/dog_api_pipeline.py
[2024-01-20T05:14:04.637+0000] {logging_mixin.py:188} INFO - [2024-01-20T05:14:04.636+0000] {dag.py:3033} INFO - Sync 1 DAGs
[2024-01-20T05:14:04.651+0000] {logging_mixin.py:188} INFO - [2024-01-20T05:14:04.651+0000] {dag.py:3820} INFO - Setting next_dagrun for dog_api_pipeline to None, run_after=None
[2024-01-20T05:14:04.676+0000] {processor.py:183} INFO - Processing /opt/airflow/dags/dog_api_pipeline.py took 0.081 seconds
[2024-01-20T05:14:34.727+0000] {processor.py:161} INFO - Started process (PID=1092) to work on /opt/airflow/dags/dog_api_pipeline.py
[2024-01-20T05:14:34.727+0000] {processor.py:830} INFO - Processing file /opt/airflow/dags/dog_api_pipeline.py for tasks to queue
[2024-01-20T05:14:34.728+0000] {logging_mixin.py:188} INFO - [2024-01-20T05:14:34.727+0000] {dagbag.py:538} INFO - Filling up the DagBag from /opt/airflow/dags/dog_api_pipeline.py
[2024-01-20T05:14:34.734+0000] {processor.py:840} INFO - DAG(s) 'dog_api_pipeline' retrieved from /opt/airflow/dags/dog_api_pipeline.py
[2024-01-20T05:14:34.755+0000] {logging_mixin.py:188} INFO - [2024-01-20T05:14:34.755+0000] {dag.py:3033} INFO - Sync 1 DAGs
[2024-01-20T05:14:34.764+0000] {logging_mixin.py:188} INFO - [2024-01-20T05:14:34.764+0000] {dag.py:3820} INFO - Setting next_dagrun for dog_api_pipeline to None, run_after=None
[2024-01-20T05:14:34.784+0000] {processor.py:183} INFO - Processing /opt/airflow/dags/dog_api_pipeline.py took 0.060 seconds
[2024-01-20T05:15:04.902+0000] {processor.py:161} INFO - Started process (PID=1113) to work on /opt/airflow/dags/dog_api_pipeline.py
[2024-01-20T05:15:04.903+0000] {processor.py:830} INFO - Processing file /opt/airflow/dags/dog_api_pipeline.py for tasks to queue
[2024-01-20T05:15:04.903+0000] {logging_mixin.py:188} INFO - [2024-01-20T05:15:04.903+0000] {dagbag.py:538} INFO - Filling up the DagBag from /opt/airflow/dags/dog_api_pipeline.py
[2024-01-20T05:15:04.910+0000] {processor.py:840} INFO - DAG(s) 'dog_api_pipeline' retrieved from /opt/airflow/dags/dog_api_pipeline.py
[2024-01-20T05:15:04.936+0000] {logging_mixin.py:188} INFO - [2024-01-20T05:15:04.935+0000] {dag.py:3033} INFO - Sync 1 DAGs
[2024-01-20T05:15:04.946+0000] {logging_mixin.py:188} INFO - [2024-01-20T05:15:04.946+0000] {dag.py:3820} INFO - Setting next_dagrun for dog_api_pipeline to None, run_after=None
[2024-01-20T05:15:04.966+0000] {processor.py:183} INFO - Processing /opt/airflow/dags/dog_api_pipeline.py took 0.067 seconds
[2024-01-20T05:15:35.079+0000] {processor.py:161} INFO - Started process (PID=1143) to work on /opt/airflow/dags/dog_api_pipeline.py
[2024-01-20T05:15:35.080+0000] {processor.py:830} INFO - Processing file /opt/airflow/dags/dog_api_pipeline.py for tasks to queue
[2024-01-20T05:15:35.081+0000] {logging_mixin.py:188} INFO - [2024-01-20T05:15:35.080+0000] {dagbag.py:538} INFO - Filling up the DagBag from /opt/airflow/dags/dog_api_pipeline.py
[2024-01-20T05:15:35.090+0000] {processor.py:840} INFO - DAG(s) 'dog_api_pipeline' retrieved from /opt/airflow/dags/dog_api_pipeline.py
[2024-01-20T05:15:35.119+0000] {logging_mixin.py:188} INFO - [2024-01-20T05:15:35.119+0000] {dag.py:3033} INFO - Sync 1 DAGs
[2024-01-20T05:15:35.136+0000] {logging_mixin.py:188} INFO - [2024-01-20T05:15:35.136+0000] {dag.py:3820} INFO - Setting next_dagrun for dog_api_pipeline to None, run_after=None
[2024-01-20T05:15:35.186+0000] {processor.py:183} INFO - Processing /opt/airflow/dags/dog_api_pipeline.py took 0.110 seconds
[2024-01-20T05:16:05.329+0000] {processor.py:161} INFO - Started process (PID=1166) to work on /opt/airflow/dags/dog_api_pipeline.py
[2024-01-20T05:16:05.329+0000] {processor.py:830} INFO - Processing file /opt/airflow/dags/dog_api_pipeline.py for tasks to queue
[2024-01-20T05:16:05.330+0000] {logging_mixin.py:188} INFO - [2024-01-20T05:16:05.330+0000] {dagbag.py:538} INFO - Filling up the DagBag from /opt/airflow/dags/dog_api_pipeline.py
[2024-01-20T05:16:05.338+0000] {processor.py:840} INFO - DAG(s) 'dog_api_pipeline' retrieved from /opt/airflow/dags/dog_api_pipeline.py
[2024-01-20T05:16:05.359+0000] {logging_mixin.py:188} INFO - [2024-01-20T05:16:05.359+0000] {dag.py:3033} INFO - Sync 1 DAGs
[2024-01-20T05:16:05.369+0000] {logging_mixin.py:188} INFO - [2024-01-20T05:16:05.369+0000] {dag.py:3820} INFO - Setting next_dagrun for dog_api_pipeline to None, run_after=None
[2024-01-20T05:16:05.389+0000] {processor.py:183} INFO - Processing /opt/airflow/dags/dog_api_pipeline.py took 0.063 seconds
[2024-01-20T05:16:35.470+0000] {processor.py:161} INFO - Started process (PID=1195) to work on /opt/airflow/dags/dog_api_pipeline.py
[2024-01-20T05:16:35.471+0000] {processor.py:830} INFO - Processing file /opt/airflow/dags/dog_api_pipeline.py for tasks to queue
[2024-01-20T05:16:35.472+0000] {logging_mixin.py:188} INFO - [2024-01-20T05:16:35.471+0000] {dagbag.py:538} INFO - Filling up the DagBag from /opt/airflow/dags/dog_api_pipeline.py
[2024-01-20T05:16:35.481+0000] {processor.py:840} INFO - DAG(s) 'dog_api_pipeline' retrieved from /opt/airflow/dags/dog_api_pipeline.py
[2024-01-20T05:16:35.529+0000] {logging_mixin.py:188} INFO - [2024-01-20T05:16:35.529+0000] {dag.py:3033} INFO - Sync 1 DAGs
[2024-01-20T05:16:35.545+0000] {logging_mixin.py:188} INFO - [2024-01-20T05:16:35.544+0000] {dag.py:3820} INFO - Setting next_dagrun for dog_api_pipeline to None, run_after=None
[2024-01-20T05:16:35.602+0000] {processor.py:183} INFO - Processing /opt/airflow/dags/dog_api_pipeline.py took 0.135 seconds
[2024-01-20T05:17:05.731+0000] {processor.py:161} INFO - Started process (PID=1217) to work on /opt/airflow/dags/dog_api_pipeline.py
[2024-01-20T05:17:05.731+0000] {processor.py:830} INFO - Processing file /opt/airflow/dags/dog_api_pipeline.py for tasks to queue
[2024-01-20T05:17:05.732+0000] {logging_mixin.py:188} INFO - [2024-01-20T05:17:05.732+0000] {dagbag.py:538} INFO - Filling up the DagBag from /opt/airflow/dags/dog_api_pipeline.py
[2024-01-20T05:17:05.738+0000] {processor.py:840} INFO - DAG(s) 'dog_api_pipeline' retrieved from /opt/airflow/dags/dog_api_pipeline.py
[2024-01-20T05:17:05.759+0000] {logging_mixin.py:188} INFO - [2024-01-20T05:17:05.759+0000] {dag.py:3033} INFO - Sync 1 DAGs
[2024-01-20T05:17:05.768+0000] {logging_mixin.py:188} INFO - [2024-01-20T05:17:05.768+0000] {dag.py:3820} INFO - Setting next_dagrun for dog_api_pipeline to None, run_after=None
[2024-01-20T05:17:05.789+0000] {processor.py:183} INFO - Processing /opt/airflow/dags/dog_api_pipeline.py took 0.061 seconds
[2024-01-20T05:17:35.877+0000] {processor.py:161} INFO - Started process (PID=1239) to work on /opt/airflow/dags/dog_api_pipeline.py
[2024-01-20T05:17:35.878+0000] {processor.py:830} INFO - Processing file /opt/airflow/dags/dog_api_pipeline.py for tasks to queue
[2024-01-20T05:17:35.879+0000] {logging_mixin.py:188} INFO - [2024-01-20T05:17:35.878+0000] {dagbag.py:538} INFO - Filling up the DagBag from /opt/airflow/dags/dog_api_pipeline.py
[2024-01-20T05:17:35.886+0000] {processor.py:840} INFO - DAG(s) 'dog_api_pipeline' retrieved from /opt/airflow/dags/dog_api_pipeline.py
[2024-01-20T05:17:35.906+0000] {logging_mixin.py:188} INFO - [2024-01-20T05:17:35.906+0000] {dag.py:3033} INFO - Sync 1 DAGs
[2024-01-20T05:17:35.917+0000] {logging_mixin.py:188} INFO - [2024-01-20T05:17:35.917+0000] {dag.py:3820} INFO - Setting next_dagrun for dog_api_pipeline to None, run_after=None
[2024-01-20T05:17:35.940+0000] {processor.py:183} INFO - Processing /opt/airflow/dags/dog_api_pipeline.py took 0.066 seconds
[2024-01-20T05:18:06.051+0000] {processor.py:161} INFO - Started process (PID=1268) to work on /opt/airflow/dags/dog_api_pipeline.py
[2024-01-20T05:18:06.051+0000] {processor.py:830} INFO - Processing file /opt/airflow/dags/dog_api_pipeline.py for tasks to queue
[2024-01-20T05:18:06.052+0000] {logging_mixin.py:188} INFO - [2024-01-20T05:18:06.052+0000] {dagbag.py:538} INFO - Filling up the DagBag from /opt/airflow/dags/dog_api_pipeline.py
[2024-01-20T05:18:06.062+0000] {processor.py:840} INFO - DAG(s) 'dog_api_pipeline' retrieved from /opt/airflow/dags/dog_api_pipeline.py
[2024-01-20T05:18:06.091+0000] {logging_mixin.py:188} INFO - [2024-01-20T05:18:06.090+0000] {dag.py:3033} INFO - Sync 1 DAGs
[2024-01-20T05:18:06.104+0000] {logging_mixin.py:188} INFO - [2024-01-20T05:18:06.104+0000] {dag.py:3820} INFO - Setting next_dagrun for dog_api_pipeline to None, run_after=None
[2024-01-20T05:18:06.128+0000] {processor.py:183} INFO - Processing /opt/airflow/dags/dog_api_pipeline.py took 0.080 seconds
[2024-01-20T05:18:36.172+0000] {processor.py:161} INFO - Started process (PID=1291) to work on /opt/airflow/dags/dog_api_pipeline.py
[2024-01-20T05:18:36.173+0000] {processor.py:830} INFO - Processing file /opt/airflow/dags/dog_api_pipeline.py for tasks to queue
[2024-01-20T05:18:36.173+0000] {logging_mixin.py:188} INFO - [2024-01-20T05:18:36.173+0000] {dagbag.py:538} INFO - Filling up the DagBag from /opt/airflow/dags/dog_api_pipeline.py
[2024-01-20T05:18:36.180+0000] {processor.py:840} INFO - DAG(s) 'dog_api_pipeline' retrieved from /opt/airflow/dags/dog_api_pipeline.py
[2024-01-20T05:18:36.201+0000] {logging_mixin.py:188} INFO - [2024-01-20T05:18:36.201+0000] {dag.py:3033} INFO - Sync 1 DAGs
[2024-01-20T05:18:36.210+0000] {logging_mixin.py:188} INFO - [2024-01-20T05:18:36.210+0000] {dag.py:3820} INFO - Setting next_dagrun for dog_api_pipeline to None, run_after=None
[2024-01-20T05:18:36.230+0000] {processor.py:183} INFO - Processing /opt/airflow/dags/dog_api_pipeline.py took 0.061 seconds
[2024-01-20T05:19:06.369+0000] {processor.py:161} INFO - Started process (PID=1314) to work on /opt/airflow/dags/dog_api_pipeline.py
[2024-01-20T05:19:06.370+0000] {processor.py:830} INFO - Processing file /opt/airflow/dags/dog_api_pipeline.py for tasks to queue
[2024-01-20T05:19:06.370+0000] {logging_mixin.py:188} INFO - [2024-01-20T05:19:06.370+0000] {dagbag.py:538} INFO - Filling up the DagBag from /opt/airflow/dags/dog_api_pipeline.py
[2024-01-20T05:19:06.377+0000] {processor.py:840} INFO - DAG(s) 'dog_api_pipeline' retrieved from /opt/airflow/dags/dog_api_pipeline.py
[2024-01-20T05:19:06.398+0000] {logging_mixin.py:188} INFO - [2024-01-20T05:19:06.398+0000] {dag.py:3033} INFO - Sync 1 DAGs
[2024-01-20T05:19:06.407+0000] {logging_mixin.py:188} INFO - [2024-01-20T05:19:06.407+0000] {dag.py:3820} INFO - Setting next_dagrun for dog_api_pipeline to None, run_after=None
[2024-01-20T05:19:06.426+0000] {processor.py:183} INFO - Processing /opt/airflow/dags/dog_api_pipeline.py took 0.059 seconds
[2024-01-20T05:19:36.512+0000] {processor.py:161} INFO - Started process (PID=1343) to work on /opt/airflow/dags/dog_api_pipeline.py
[2024-01-20T05:19:36.512+0000] {processor.py:830} INFO - Processing file /opt/airflow/dags/dog_api_pipeline.py for tasks to queue
[2024-01-20T05:19:36.513+0000] {logging_mixin.py:188} INFO - [2024-01-20T05:19:36.513+0000] {dagbag.py:538} INFO - Filling up the DagBag from /opt/airflow/dags/dog_api_pipeline.py
[2024-01-20T05:19:36.520+0000] {processor.py:840} INFO - DAG(s) 'dog_api_pipeline' retrieved from /opt/airflow/dags/dog_api_pipeline.py
[2024-01-20T05:19:36.542+0000] {logging_mixin.py:188} INFO - [2024-01-20T05:19:36.541+0000] {dag.py:3033} INFO - Sync 1 DAGs
[2024-01-20T05:19:36.551+0000] {logging_mixin.py:188} INFO - [2024-01-20T05:19:36.551+0000] {dag.py:3820} INFO - Setting next_dagrun for dog_api_pipeline to None, run_after=None
[2024-01-20T05:19:36.570+0000] {processor.py:183} INFO - Processing /opt/airflow/dags/dog_api_pipeline.py took 0.060 seconds
[2024-01-20T05:20:06.670+0000] {processor.py:161} INFO - Started process (PID=1366) to work on /opt/airflow/dags/dog_api_pipeline.py
[2024-01-20T05:20:06.671+0000] {processor.py:830} INFO - Processing file /opt/airflow/dags/dog_api_pipeline.py for tasks to queue
[2024-01-20T05:20:06.671+0000] {logging_mixin.py:188} INFO - [2024-01-20T05:20:06.671+0000] {dagbag.py:538} INFO - Filling up the DagBag from /opt/airflow/dags/dog_api_pipeline.py
[2024-01-20T05:20:06.678+0000] {processor.py:840} INFO - DAG(s) 'dog_api_pipeline' retrieved from /opt/airflow/dags/dog_api_pipeline.py
[2024-01-20T05:20:06.699+0000] {logging_mixin.py:188} INFO - [2024-01-20T05:20:06.699+0000] {dag.py:3033} INFO - Sync 1 DAGs
[2024-01-20T05:20:06.709+0000] {logging_mixin.py:188} INFO - [2024-01-20T05:20:06.709+0000] {dag.py:3820} INFO - Setting next_dagrun for dog_api_pipeline to None, run_after=None
[2024-01-20T05:20:06.730+0000] {processor.py:183} INFO - Processing /opt/airflow/dags/dog_api_pipeline.py took 0.063 seconds
[2024-01-20T05:20:36.824+0000] {processor.py:161} INFO - Started process (PID=1397) to work on /opt/airflow/dags/dog_api_pipeline.py
[2024-01-20T05:20:36.825+0000] {processor.py:830} INFO - Processing file /opt/airflow/dags/dog_api_pipeline.py for tasks to queue
[2024-01-20T05:20:36.826+0000] {logging_mixin.py:188} INFO - [2024-01-20T05:20:36.825+0000] {dagbag.py:538} INFO - Filling up the DagBag from /opt/airflow/dags/dog_api_pipeline.py
[2024-01-20T05:20:36.841+0000] {processor.py:840} INFO - DAG(s) 'dog_api_pipeline' retrieved from /opt/airflow/dags/dog_api_pipeline.py
[2024-01-20T05:20:36.873+0000] {logging_mixin.py:188} INFO - [2024-01-20T05:20:36.873+0000] {dag.py:3033} INFO - Sync 1 DAGs
[2024-01-20T05:20:36.889+0000] {logging_mixin.py:188} INFO - [2024-01-20T05:20:36.888+0000] {dag.py:3820} INFO - Setting next_dagrun for dog_api_pipeline to None, run_after=None
[2024-01-20T05:20:36.913+0000] {processor.py:183} INFO - Processing /opt/airflow/dags/dog_api_pipeline.py took 0.093 seconds
